

================================================================
== Vivado HLS Report for 'maxpool_layer'
================================================================
* Date:           Sat Mar 30 12:35:59 2019

* Version:        2017.2 (Build 1909853 on Thu Jun 15 18:55:24 MDT 2017)
* Project:        maxpool_proj
* Solution:       solution1
* Product family: artix7
* Target device:  xc7a200tsbg484-1


================================================================
== Performance Estimates
================================================================
+ Timing (ns): 
    * Summary: 
    +--------+-------+----------+------------+
    |  Clock | Target| Estimated| Uncertainty|
    +--------+-------+----------+------------+
    |ap_clk  |   4.00|      6.78|        0.50|
    +--------+-------+----------+------------+

+ Latency (clock cycles): 
    * Summary: 
    +-----+-----+-----+-----+---------+
    |  Latency  |  Interval | Pipeline|
    | min | max | min | max |   Type  |
    +-----+-----+-----+-----+---------+
    |    ?|    ?|    ?|    ?|   none  |
    +-----+-----+-----+-----+---------+

    + Detail: 
        * Instance: 
        N/A

        * Loop: 
        +-------------+-----+-----+----------+-----------+-----------+------+----------+
        |             |  Latency  | Iteration|  Initiation Interval  | Trip |          |
        |  Loop Name  | min | max |  Latency |  achieved |   target  | Count| Pipelined|
        +-------------+-----+-----+----------+-----------+-----------+------+----------+
        |- Loop 1     |    ?|    ?|         ?|          -|          -|     ?|    no    |
        | + Loop 1.1  |    ?|    ?|        23|          3|          1|     ?|    yes   |
        +-------------+-----+-----+----------+-----------+-----------+------+----------+

============================================================
+ Verbose Summary: Synthesis Manager
============================================================
InlineROM: 1
ExposeGlobal: 0
============================================================
+ Verbose Summary: CDFG Model
============================================================
IsTopModel: 1
ResetActiveHigh: 1
IsCombinational: 0
IsDatapathOnly: 0
HasWiredReturn: 1
HasMFsm: 0
HasVarLatency: 1
IsPipeline: 0
IsRtlPipelined: 0
IsInstanceOverlapped: 0
IsDontTouch: 0
HasImplIP: 0
IsGatedGlobalClock: 0

+ Individual pipeline summary: 
  * Pipeline-0: initiation interval (II) = 3, depth = 23


============================================================
+ Verbose Summary: Schedule
============================================================
* Number of FSM states: 117
* Pipeline: 1
  Pipeline-0: II = 3, D = 23, States = { 86 87 88 89 90 91 92 93 94 95 96 97 98 99 100 101 102 103 104 105 106 107 108 }
* Dataflow Pipeline: 0

* FSM state transitions: 
1 --> 
	2  / true
2 --> 
	3  / true
3 --> 
	4  / true
4 --> 
	5  / true
5 --> 
	6  / true
6 --> 
	7  / true
7 --> 
	8  / true
8 --> 
	9  / true
9 --> 
	10  / true
10 --> 
	11  / true
11 --> 
	12  / true
12 --> 
	13  / true
13 --> 
	14  / true
14 --> 
	15  / true
15 --> 
	16  / true
16 --> 
	17  / true
17 --> 
	18  / true
18 --> 
	19  / true
19 --> 
	20  / true
20 --> 
	21  / true
21 --> 
	22  / true
22 --> 
	23  / true
23 --> 
	24  / true
24 --> 
	25  / true
25 --> 
	26  / true
26 --> 
	27  / true
27 --> 
	28  / true
28 --> 
	29  / true
29 --> 
	30  / true
30 --> 
	31  / true
31 --> 
	32  / true
32 --> 
	33  / true
33 --> 
	34  / true
34 --> 
	35  / true
35 --> 
	36  / true
36 --> 
	37  / true
37 --> 
	38  / true
38 --> 
	39  / true
39 --> 
	40  / true
40 --> 
	41  / true
41 --> 
	42  / true
42 --> 
	43  / true
43 --> 
	44  / true
44 --> 
	45  / true
45 --> 
	46  / true
46 --> 
	47  / true
47 --> 
	48  / true
48 --> 
	49  / true
49 --> 
	50  / true
50 --> 
	51  / true
51 --> 
	52  / true
52 --> 
	53  / true
53 --> 
	54  / true
54 --> 
	55  / true
55 --> 
	56  / true
56 --> 
	57  / true
57 --> 
	58  / true
58 --> 
	59  / true
59 --> 
	60  / true
60 --> 
	61  / true
61 --> 
	62  / (!exitcond_flatten3)
62 --> 
	63  / true
63 --> 
	64  / true
64 --> 
	65  / true
65 --> 
	66  / true
66 --> 
	67  / true
67 --> 
	68  / true
68 --> 
	69  / true
69 --> 
	70  / true
70 --> 
	71  / true
71 --> 
	72  / true
72 --> 
	73  / true
73 --> 
	74  / true
74 --> 
	75  / true
75 --> 
	76  / true
76 --> 
	77  / true
77 --> 
	78  / true
78 --> 
	79  / true
79 --> 
	80  / true
80 --> 
	81  / true
81 --> 
	82  / true
82 --> 
	83  / true
83 --> 
	84  / true
84 --> 
	85  / true
85 --> 
	86  / true
86 --> 
	87  / true
87 --> 
	109  / (exitcond_flatten)
	88  / (!exitcond_flatten)
88 --> 
	89  / true
89 --> 
	90  / true
90 --> 
	91  / true
91 --> 
	92  / true
92 --> 
	93  / true
93 --> 
	94  / true
94 --> 
	95  / true
95 --> 
	96  / true
96 --> 
	97  / true
97 --> 
	98  / true
98 --> 
	99  / true
99 --> 
	100  / true
100 --> 
	101  / true
101 --> 
	102  / true
102 --> 
	103  / true
103 --> 
	104  / true
104 --> 
	105  / true
105 --> 
	106  / true
106 --> 
	107  / true
107 --> 
	108  / true
108 --> 
	86  / true
109 --> 
	110  / true
110 --> 
	111  / true
111 --> 
	112  / true
112 --> 
	113  / true
113 --> 
	114  / true
114 --> 
	115  / true
115 --> 
	116  / true
116 --> 
	117  / true
117 --> 
	46  / true
* FSM state operations: 

 <State 1>: 3.14ns
ST_1: k_read (26)  [1/1] 1.00ns
:13  %k_read = call i32 @_ssdm_op_Read.s_axilite.i32(i32 %k) nounwind

ST_1: s_read (27)  [1/1] 1.00ns
:14  %s_read = call i32 @_ssdm_op_Read.s_axilite.i32(i32 %s) nounwind

ST_1: iy_read (28)  [1/1] 1.00ns
:15  %iy_read = call i32 @_ssdm_op_Read.s_axilite.i32(i32 %iy) nounwind

ST_1: ix_read (29)  [1/1] 1.00ns
:16  %ix_read = call i32 @_ssdm_op_Read.s_axilite.i32(i32 %ix) nounwind

ST_1: id_read (30)  [1/1] 1.00ns
:17  %id_read = call i32 @_ssdm_op_Read.s_axilite.i32(i32 %id) nounwind

ST_1: oy_read (31)  [1/1] 1.00ns
:18  %oy_read = call i32 @_ssdm_op_Read.s_axilite.i32(i32 %oy) nounwind

ST_1: ox_read (32)  [1/1] 1.00ns
:19  %ox_read = call i32 @_ssdm_op_Read.s_axilite.i32(i32 %ox) nounwind

ST_1: od_read (33)  [1/1] 1.00ns
:20  %od_read = call i32 @_ssdm_op_Read.s_axilite.i32(i32 %od) nounwind

ST_1: b_read (34)  [1/1] 1.00ns
:21  %b_read = call i32 @_ssdm_op_Read.s_axilite.i32(i32 %b) nounwind

ST_1: output_offset_read (35)  [1/1] 1.00ns
:22  %output_offset_read = call i32 @_ssdm_op_Read.s_axilite.i32(i32 %output_offset) nounwind

ST_1: input_offset_read (36)  [1/1] 1.00ns
:23  %input_offset_read = call i32 @_ssdm_op_Read.s_axilite.i32(i32 %input_offset) nounwind

ST_1: tmp (50)  [1/1] 0.00ns  loc: ../maxpool_test/maxpool_layer.cpp:68
:37  %tmp = call i30 @_ssdm_op_PartSelect.i30.i32.i32.i32(i32 %input_offset_read, i32 2, i32 31)

ST_1: tmp_1 (52)  [1/1] 0.00ns  loc: ../maxpool_test/maxpool_layer.cpp:73
:39  %tmp_1 = call i30 @_ssdm_op_PartSelect.i30.i32.i32.i32(i32 %output_offset_read, i32 2, i32 31)

ST_1: cast1 (54)  [1/1] 0.00ns
:41  %cast1 = zext i32 %oy_read to i64

ST_1: cast2 (55)  [1/1] 0.00ns
:42  %cast2 = zext i32 %ox_read to i64

ST_1: bound1 (56)  [7/7] 2.14ns
:43  %bound1 = mul i64 %cast2, %cast1


 <State 2>: 2.14ns
ST_2: bound1 (56)  [6/7] 2.14ns
:43  %bound1 = mul i64 %cast2, %cast1


 <State 3>: 2.14ns
ST_3: bound1 (56)  [5/7] 2.14ns
:43  %bound1 = mul i64 %cast2, %cast1


 <State 4>: 2.14ns
ST_4: bound1 (56)  [4/7] 2.14ns
:43  %bound1 = mul i64 %cast2, %cast1


 <State 5>: 2.14ns
ST_5: bound1 (56)  [3/7] 2.14ns
:43  %bound1 = mul i64 %cast2, %cast1


 <State 6>: 2.14ns
ST_6: bound1 (56)  [2/7] 2.14ns
:43  %bound1 = mul i64 %cast2, %cast1


 <State 7>: 2.14ns
ST_7: bound1 (56)  [1/7] 2.14ns
:43  %bound1 = mul i64 %cast2, %cast1


 <State 8>: 2.62ns
ST_8: cast3 (57)  [1/1] 0.00ns
:44  %cast3 = zext i32 %od_read to i96

ST_8: cast4 (58)  [1/1] 0.00ns
:45  %cast4 = zext i64 %bound1 to i96

ST_8: bound2 (59)  [19/19] 2.62ns
:46  %bound2 = mul i96 %cast4, %cast3


 <State 9>: 2.62ns
ST_9: bound2 (59)  [18/19] 2.62ns
:46  %bound2 = mul i96 %cast4, %cast3


 <State 10>: 2.62ns
ST_10: bound2 (59)  [17/19] 2.62ns
:46  %bound2 = mul i96 %cast4, %cast3


 <State 11>: 2.62ns
ST_11: bound2 (59)  [16/19] 2.62ns
:46  %bound2 = mul i96 %cast4, %cast3


 <State 12>: 2.62ns
ST_12: bound2 (59)  [15/19] 2.62ns
:46  %bound2 = mul i96 %cast4, %cast3


 <State 13>: 2.62ns
ST_13: bound2 (59)  [14/19] 2.62ns
:46  %bound2 = mul i96 %cast4, %cast3


 <State 14>: 2.62ns
ST_14: bound2 (59)  [13/19] 2.62ns
:46  %bound2 = mul i96 %cast4, %cast3


 <State 15>: 2.62ns
ST_15: bound2 (59)  [12/19] 2.62ns
:46  %bound2 = mul i96 %cast4, %cast3


 <State 16>: 2.62ns
ST_16: bound2 (59)  [11/19] 2.62ns
:46  %bound2 = mul i96 %cast4, %cast3


 <State 17>: 2.62ns
ST_17: bound2 (59)  [10/19] 2.62ns
:46  %bound2 = mul i96 %cast4, %cast3


 <State 18>: 2.62ns
ST_18: bound2 (59)  [9/19] 2.62ns
:46  %bound2 = mul i96 %cast4, %cast3


 <State 19>: 2.62ns
ST_19: bound2 (59)  [8/19] 2.62ns
:46  %bound2 = mul i96 %cast4, %cast3


 <State 20>: 2.62ns
ST_20: bound2 (59)  [7/19] 2.62ns
:46  %bound2 = mul i96 %cast4, %cast3


 <State 21>: 2.62ns
ST_21: bound2 (59)  [6/19] 2.62ns
:46  %bound2 = mul i96 %cast4, %cast3


 <State 22>: 2.62ns
ST_22: bound2 (59)  [5/19] 2.62ns
:46  %bound2 = mul i96 %cast4, %cast3


 <State 23>: 2.62ns
ST_23: bound2 (59)  [4/19] 2.62ns
:46  %bound2 = mul i96 %cast4, %cast3


 <State 24>: 2.62ns
ST_24: bound2 (59)  [3/19] 2.62ns
:46  %bound2 = mul i96 %cast4, %cast3


 <State 25>: 2.62ns
ST_25: bound2 (59)  [2/19] 2.62ns
:46  %bound2 = mul i96 %cast4, %cast3


 <State 26>: 2.62ns
ST_26: bound2 (59)  [1/19] 2.62ns
:46  %bound2 = mul i96 %cast4, %cast3


 <State 27>: 2.62ns
ST_27: cast5 (60)  [1/1] 0.00ns
:47  %cast5 = zext i32 %b_read to i128

ST_27: cast6 (61)  [1/1] 0.00ns
:48  %cast6 = zext i96 %bound2 to i128

ST_27: bound3 (62)  [19/19] 2.62ns
:49  %bound3 = mul i128 %cast6, %cast5


 <State 28>: 2.62ns
ST_28: bound3 (62)  [18/19] 2.62ns
:49  %bound3 = mul i128 %cast6, %cast5


 <State 29>: 2.62ns
ST_29: bound3 (62)  [17/19] 2.62ns
:49  %bound3 = mul i128 %cast6, %cast5


 <State 30>: 2.62ns
ST_30: bound3 (62)  [16/19] 2.62ns
:49  %bound3 = mul i128 %cast6, %cast5


 <State 31>: 2.62ns
ST_31: bound3 (62)  [15/19] 2.62ns
:49  %bound3 = mul i128 %cast6, %cast5


 <State 32>: 2.62ns
ST_32: bound3 (62)  [14/19] 2.62ns
:49  %bound3 = mul i128 %cast6, %cast5


 <State 33>: 2.62ns
ST_33: bound3 (62)  [13/19] 2.62ns
:49  %bound3 = mul i128 %cast6, %cast5


 <State 34>: 2.62ns
ST_34: bound3 (62)  [12/19] 2.62ns
:49  %bound3 = mul i128 %cast6, %cast5


 <State 35>: 2.62ns
ST_35: bound3 (62)  [11/19] 2.62ns
:49  %bound3 = mul i128 %cast6, %cast5


 <State 36>: 2.62ns
ST_36: bound3 (62)  [10/19] 2.62ns
:49  %bound3 = mul i128 %cast6, %cast5


 <State 37>: 2.62ns
ST_37: bound3 (62)  [9/19] 2.62ns
:49  %bound3 = mul i128 %cast6, %cast5


 <State 38>: 2.62ns
ST_38: bound3 (62)  [8/19] 2.62ns
:49  %bound3 = mul i128 %cast6, %cast5


 <State 39>: 2.62ns
ST_39: bound3 (62)  [7/19] 2.62ns
:49  %bound3 = mul i128 %cast6, %cast5


 <State 40>: 2.62ns
ST_40: bound3 (62)  [6/19] 2.62ns
:49  %bound3 = mul i128 %cast6, %cast5


 <State 41>: 2.62ns
ST_41: bound3 (62)  [5/19] 2.62ns
:49  %bound3 = mul i128 %cast6, %cast5


 <State 42>: 2.62ns
ST_42: bound3 (62)  [4/19] 2.62ns
:49  %bound3 = mul i128 %cast6, %cast5


 <State 43>: 2.62ns
ST_43: bound3 (62)  [3/19] 2.62ns
:49  %bound3 = mul i128 %cast6, %cast5


 <State 44>: 3.25ns
ST_44: bound3 (62)  [2/19] 2.62ns
:49  %bound3 = mul i128 %cast6, %cast5

ST_44: p_mid (63)  [1/1] 3.25ns  loc: ../maxpool_test/maxpool_layer.cpp:49
:50  %p_mid = icmp sgt i32 %k_read, 0


 <State 45>: 3.72ns
ST_45: StgValue_182 (13)  [1/1] 0.00ns
:0  call void (...)* @_ssdm_op_SpecBitsMap(float* %mem) nounwind, !map !20

ST_45: StgValue_183 (14)  [1/1] 0.00ns
:1  call void (...)* @_ssdm_op_SpecBitsMap(i32 %input_offset) nounwind, !map !24

ST_45: StgValue_184 (15)  [1/1] 0.00ns
:2  call void (...)* @_ssdm_op_SpecBitsMap(i32 %output_offset) nounwind, !map !30

ST_45: StgValue_185 (16)  [1/1] 0.00ns
:3  call void (...)* @_ssdm_op_SpecBitsMap(i32 %b) nounwind, !map !34

ST_45: StgValue_186 (17)  [1/1] 0.00ns
:4  call void (...)* @_ssdm_op_SpecBitsMap(i32 %od) nounwind, !map !38

ST_45: StgValue_187 (18)  [1/1] 0.00ns
:5  call void (...)* @_ssdm_op_SpecBitsMap(i32 %ox) nounwind, !map !42

ST_45: StgValue_188 (19)  [1/1] 0.00ns
:6  call void (...)* @_ssdm_op_SpecBitsMap(i32 %oy) nounwind, !map !46

ST_45: StgValue_189 (20)  [1/1] 0.00ns
:7  call void (...)* @_ssdm_op_SpecBitsMap(i32 %id) nounwind, !map !50

ST_45: StgValue_190 (21)  [1/1] 0.00ns
:8  call void (...)* @_ssdm_op_SpecBitsMap(i32 %ix) nounwind, !map !54

ST_45: StgValue_191 (22)  [1/1] 0.00ns
:9  call void (...)* @_ssdm_op_SpecBitsMap(i32 %iy) nounwind, !map !58

ST_45: StgValue_192 (23)  [1/1] 0.00ns
:10  call void (...)* @_ssdm_op_SpecBitsMap(i32 %s) nounwind, !map !62

ST_45: StgValue_193 (24)  [1/1] 0.00ns
:11  call void (...)* @_ssdm_op_SpecBitsMap(i32 %k) nounwind, !map !66

ST_45: StgValue_194 (25)  [1/1] 0.00ns
:12  call void (...)* @_ssdm_op_SpecTopModule([14 x i8]* @maxpool_layer_str) nounwind

ST_45: StgValue_195 (37)  [1/1] 0.00ns  loc: ../maxpool_test/maxpool_layer.cpp:21
:24  call void (...)* @_ssdm_op_SpecInterface(float* %mem, [6 x i8]* @p_str, i32 0, i32 0, [1 x i8]* @p_str1, i32 0, i64 2147483648, [1 x i8]* @p_str1, [1 x i8]* @p_str1, [1 x i8]* @p_str1, i32 16, i32 16, i32 16, i32 16, [1 x i8]* @p_str1, [1 x i8]* @p_str1) nounwind

ST_45: StgValue_196 (38)  [1/1] 0.00ns  loc: ../maxpool_test/maxpool_layer.cpp:23
:25  call void (...)* @_ssdm_op_SpecInterface(i32 %b, [10 x i8]* @p_str2, i32 0, i32 0, [1 x i8]* @p_str1, i32 0, i32 0, [9 x i8]* @p_str3, [1 x i8]* @p_str1, [1 x i8]* @p_str1, i32 0, i32 0, i32 0, i32 0, [1 x i8]* @p_str1, [1 x i8]* @p_str1) nounwind

ST_45: StgValue_197 (39)  [1/1] 0.00ns  loc: ../maxpool_test/maxpool_layer.cpp:24
:26  call void (...)* @_ssdm_op_SpecInterface(i32 %od, [10 x i8]* @p_str2, i32 0, i32 0, [1 x i8]* @p_str1, i32 0, i32 0, [9 x i8]* @p_str3, [1 x i8]* @p_str1, [1 x i8]* @p_str1, i32 0, i32 0, i32 0, i32 0, [1 x i8]* @p_str1, [1 x i8]* @p_str1) nounwind

ST_45: StgValue_198 (40)  [1/1] 0.00ns  loc: ../maxpool_test/maxpool_layer.cpp:25
:27  call void (...)* @_ssdm_op_SpecInterface(i32 %ox, [10 x i8]* @p_str2, i32 0, i32 0, [1 x i8]* @p_str1, i32 0, i32 0, [9 x i8]* @p_str3, [1 x i8]* @p_str1, [1 x i8]* @p_str1, i32 0, i32 0, i32 0, i32 0, [1 x i8]* @p_str1, [1 x i8]* @p_str1) nounwind

ST_45: StgValue_199 (41)  [1/1] 0.00ns  loc: ../maxpool_test/maxpool_layer.cpp:26
:28  call void (...)* @_ssdm_op_SpecInterface(i32 %oy, [10 x i8]* @p_str2, i32 0, i32 0, [1 x i8]* @p_str1, i32 0, i32 0, [9 x i8]* @p_str3, [1 x i8]* @p_str1, [1 x i8]* @p_str1, i32 0, i32 0, i32 0, i32 0, [1 x i8]* @p_str1, [1 x i8]* @p_str1) nounwind

ST_45: StgValue_200 (42)  [1/1] 0.00ns  loc: ../maxpool_test/maxpool_layer.cpp:27
:29  call void (...)* @_ssdm_op_SpecInterface(i32 %id, [10 x i8]* @p_str2, i32 0, i32 0, [1 x i8]* @p_str1, i32 0, i32 0, [9 x i8]* @p_str3, [1 x i8]* @p_str1, [1 x i8]* @p_str1, i32 0, i32 0, i32 0, i32 0, [1 x i8]* @p_str1, [1 x i8]* @p_str1) nounwind

ST_45: StgValue_201 (43)  [1/1] 0.00ns  loc: ../maxpool_test/maxpool_layer.cpp:28
:30  call void (...)* @_ssdm_op_SpecInterface(i32 %ix, [10 x i8]* @p_str2, i32 0, i32 0, [1 x i8]* @p_str1, i32 0, i32 0, [9 x i8]* @p_str3, [1 x i8]* @p_str1, [1 x i8]* @p_str1, i32 0, i32 0, i32 0, i32 0, [1 x i8]* @p_str1, [1 x i8]* @p_str1) nounwind

ST_45: StgValue_202 (44)  [1/1] 0.00ns  loc: ../maxpool_test/maxpool_layer.cpp:29
:31  call void (...)* @_ssdm_op_SpecInterface(i32 %iy, [10 x i8]* @p_str2, i32 0, i32 0, [1 x i8]* @p_str1, i32 0, i32 0, [9 x i8]* @p_str3, [1 x i8]* @p_str1, [1 x i8]* @p_str1, i32 0, i32 0, i32 0, i32 0, [1 x i8]* @p_str1, [1 x i8]* @p_str1) nounwind

ST_45: StgValue_203 (45)  [1/1] 0.00ns  loc: ../maxpool_test/maxpool_layer.cpp:30
:32  call void (...)* @_ssdm_op_SpecInterface(i32 %s, [10 x i8]* @p_str2, i32 0, i32 0, [1 x i8]* @p_str1, i32 0, i32 0, [9 x i8]* @p_str3, [1 x i8]* @p_str1, [1 x i8]* @p_str1, i32 0, i32 0, i32 0, i32 0, [1 x i8]* @p_str1, [1 x i8]* @p_str1) nounwind

ST_45: StgValue_204 (46)  [1/1] 0.00ns  loc: ../maxpool_test/maxpool_layer.cpp:31
:33  call void (...)* @_ssdm_op_SpecInterface(i32 %k, [10 x i8]* @p_str2, i32 0, i32 0, [1 x i8]* @p_str1, i32 0, i32 0, [9 x i8]* @p_str3, [1 x i8]* @p_str1, [1 x i8]* @p_str1, i32 0, i32 0, i32 0, i32 0, [1 x i8]* @p_str1, [1 x i8]* @p_str1) nounwind

ST_45: StgValue_205 (47)  [1/1] 0.00ns  loc: ../maxpool_test/maxpool_layer.cpp:32
:34  call void (...)* @_ssdm_op_SpecInterface(i32 %input_offset, [10 x i8]* @p_str2, i32 0, i32 0, [1 x i8]* @p_str1, i32 0, i32 0, [1 x i8]* @p_str1, [1 x i8]* @p_str1, [1 x i8]* @p_str1, i32 0, i32 0, i32 0, i32 0, [1 x i8]* @p_str1, [1 x i8]* @p_str1) nounwind

ST_45: StgValue_206 (48)  [1/1] 0.00ns  loc: ../maxpool_test/maxpool_layer.cpp:33
:35  call void (...)* @_ssdm_op_SpecInterface(i32 %output_offset, [10 x i8]* @p_str2, i32 0, i32 0, [1 x i8]* @p_str1, i32 0, i32 0, [1 x i8]* @p_str1, [1 x i8]* @p_str1, [1 x i8]* @p_str1, i32 0, i32 0, i32 0, i32 0, [1 x i8]* @p_str1, [1 x i8]* @p_str1) nounwind

ST_45: StgValue_207 (49)  [1/1] 0.00ns  loc: ../maxpool_test/maxpool_layer.cpp:34
:36  call void (...)* @_ssdm_op_SpecInterface(i32 0, [10 x i8]* @p_str2, i32 0, i32 0, [1 x i8]* @p_str1, i32 0, i32 0, [9 x i8]* @p_str3, [1 x i8]* @p_str1, [1 x i8]* @p_str1, i32 0, i32 0, i32 0, i32 0, [1 x i8]* @p_str1, [1 x i8]* @p_str1) nounwind

ST_45: tmp_2 (51)  [1/1] 0.00ns  loc: ../maxpool_test/maxpool_layer.cpp:68
:38  %tmp_2 = zext i30 %tmp to i32

ST_45: tmp_5 (53)  [1/1] 0.00ns  loc: ../maxpool_test/maxpool_layer.cpp:73
:40  %tmp_5 = zext i30 %tmp_1 to i32

ST_45: bound3 (62)  [1/19] 2.62ns
:49  %bound3 = mul i128 %cast6, %cast5

ST_45: smax16_mid (64)  [1/1] 2.07ns  loc: ../maxpool_test/maxpool_layer.cpp:49
:51  %smax16_mid = select i1 %p_mid, i32 %k_read, i32 0

ST_45: tmp_6_mid (65)  [1/1] 3.25ns  loc: ../maxpool_test/maxpool_layer.cpp:52
:52  %tmp_6_mid = icmp sgt i32 %ox_read, 0

ST_45: exitcond_flatten45_m (66)  [1/1] 3.72ns
:53  %exitcond_flatten45_m = icmp eq i64 %bound1, 0

ST_45: StgValue_214 (67)  [1/1] 1.61ns  loc: ../maxpool_test/maxpool_layer.cpp:43
:54  br label %.preheader


 <State 46>: 4.66ns
ST_46: indvar_flatten1 (69)  [1/1] 0.00ns
.preheader:0  %indvar_flatten1 = phi i128 [ 0, %0 ], [ %indvar_flatten_next3, %2 ]

ST_46: b_s (70)  [1/1] 0.00ns  loc: ../maxpool_test/maxpool_layer.cpp:43
.preheader:1  %b_s = phi i31 [ 0, %0 ], [ %b_mid2, %2 ]

ST_46: b_cast_mid1 (82)  [1/1] 0.00ns  loc: ../maxpool_test/maxpool_layer.cpp:43
.preheader:13  %b_cast_mid1 = zext i31 %b_s to i32

ST_46: tmp_4 (84)  [7/7] 2.14ns  loc: ../maxpool_test/maxpool_layer.cpp:73
.preheader:15  %tmp_4 = mul i32 %od_read, %b_cast_mid1

ST_46: exitcond_flatten3 (94)  [1/1] 4.66ns
.preheader:25  %exitcond_flatten3 = icmp eq i128 %indvar_flatten1, %bound3

ST_46: indvar_flatten_next3 (95)  [3/3] 3.20ns
.preheader:26  %indvar_flatten_next3 = add i128 %indvar_flatten1, 1


 <State 47>: 3.20ns
ST_47: tmp_4 (84)  [6/7] 2.14ns  loc: ../maxpool_test/maxpool_layer.cpp:73
.preheader:15  %tmp_4 = mul i32 %od_read, %b_cast_mid1

ST_47: indvar_flatten_next3 (95)  [2/3] 3.20ns
.preheader:26  %indvar_flatten_next3 = add i128 %indvar_flatten1, 1


 <State 48>: 3.20ns
ST_48: tmp_4 (84)  [5/7] 2.14ns  loc: ../maxpool_test/maxpool_layer.cpp:73
.preheader:15  %tmp_4 = mul i32 %od_read, %b_cast_mid1

ST_48: indvar_flatten_next3 (95)  [1/3] 3.20ns
.preheader:26  %indvar_flatten_next3 = add i128 %indvar_flatten1, 1


 <State 49>: 2.14ns
ST_49: tmp_4 (84)  [4/7] 2.14ns  loc: ../maxpool_test/maxpool_layer.cpp:73
.preheader:15  %tmp_4 = mul i32 %od_read, %b_cast_mid1


 <State 50>: 2.14ns
ST_50: tmp_4 (84)  [3/7] 2.14ns  loc: ../maxpool_test/maxpool_layer.cpp:73
.preheader:15  %tmp_4 = mul i32 %od_read, %b_cast_mid1


 <State 51>: 2.14ns
ST_51: tmp_4 (84)  [2/7] 2.14ns  loc: ../maxpool_test/maxpool_layer.cpp:73
.preheader:15  %tmp_4 = mul i32 %od_read, %b_cast_mid1


 <State 52>: 2.14ns
ST_52: tmp_4 (84)  [1/7] 2.14ns  loc: ../maxpool_test/maxpool_layer.cpp:73
.preheader:15  %tmp_4 = mul i32 %od_read, %b_cast_mid1


 <State 53>: 2.89ns
ST_53: i_d (72)  [1/1] 0.00ns  loc: ../maxpool_test/maxpool_layer.cpp:49
.preheader:3  %i_d = phi i31 [ 0, %0 ], [ %i_d_mid2, %2 ]

ST_53: i_d_cast_mid1 (85)  [1/1] 0.00ns  loc: ../maxpool_test/maxpool_layer.cpp:46
.preheader:16  %i_d_cast_mid1 = zext i31 %i_d to i32

ST_53: tmp9 (87)  [1/1] 2.89ns  loc: ../maxpool_test/maxpool_layer.cpp:73
.preheader:18  %tmp9 = add i32 %tmp_4, %i_d_cast_mid1


 <State 54>: 2.14ns
ST_54: tmp_3 (83)  [7/7] 2.14ns  loc: ../maxpool_test/maxpool_layer.cpp:68
.preheader:14  %tmp_3 = mul i32 %id_read, %b_cast_mid1

ST_54: tmp7 (88)  [7/7] 2.14ns  loc: ../maxpool_test/maxpool_layer.cpp:73
.preheader:19  %tmp7 = mul i32 %oy_read, %tmp9


 <State 55>: 2.14ns
ST_55: o_y (77)  [1/1] 0.00ns  loc: ../maxpool_test/maxpool_layer.cpp:52
.preheader:8  %o_y = phi i31 [ 0, %0 ], [ %o_y_mid2, %2 ]

ST_55: tmp_3 (83)  [6/7] 2.14ns  loc: ../maxpool_test/maxpool_layer.cpp:68
.preheader:14  %tmp_3 = mul i32 %id_read, %b_cast_mid1

ST_55: tmp7 (88)  [6/7] 2.14ns  loc: ../maxpool_test/maxpool_layer.cpp:73
.preheader:19  %tmp7 = mul i32 %oy_read, %tmp9

ST_55: o_y_cast_mid1 (89)  [1/1] 0.00ns  loc: ../maxpool_test/maxpool_layer.cpp:49
.preheader:20  %o_y_cast_mid1 = zext i31 %o_y to i32

ST_55: i_y (90)  [7/7] 2.14ns  loc: ../maxpool_test/maxpool_layer.cpp:62
.preheader:21  %i_y = mul nsw i32 %s_read, %o_y_cast_mid1


 <State 56>: 2.14ns
ST_56: tmp_3 (83)  [5/7] 2.14ns  loc: ../maxpool_test/maxpool_layer.cpp:68
.preheader:14  %tmp_3 = mul i32 %id_read, %b_cast_mid1

ST_56: tmp7 (88)  [5/7] 2.14ns  loc: ../maxpool_test/maxpool_layer.cpp:73
.preheader:19  %tmp7 = mul i32 %oy_read, %tmp9

ST_56: i_y (90)  [6/7] 2.14ns  loc: ../maxpool_test/maxpool_layer.cpp:62
.preheader:21  %i_y = mul nsw i32 %s_read, %o_y_cast_mid1


 <State 57>: 2.14ns
ST_57: tmp_3 (83)  [4/7] 2.14ns  loc: ../maxpool_test/maxpool_layer.cpp:68
.preheader:14  %tmp_3 = mul i32 %id_read, %b_cast_mid1

ST_57: tmp7 (88)  [4/7] 2.14ns  loc: ../maxpool_test/maxpool_layer.cpp:73
.preheader:19  %tmp7 = mul i32 %oy_read, %tmp9

ST_57: i_y (90)  [5/7] 2.14ns  loc: ../maxpool_test/maxpool_layer.cpp:62
.preheader:21  %i_y = mul nsw i32 %s_read, %o_y_cast_mid1


 <State 58>: 2.14ns
ST_58: tmp_3 (83)  [3/7] 2.14ns  loc: ../maxpool_test/maxpool_layer.cpp:68
.preheader:14  %tmp_3 = mul i32 %id_read, %b_cast_mid1

ST_58: tmp7 (88)  [3/7] 2.14ns  loc: ../maxpool_test/maxpool_layer.cpp:73
.preheader:19  %tmp7 = mul i32 %oy_read, %tmp9

ST_58: i_y (90)  [4/7] 2.14ns  loc: ../maxpool_test/maxpool_layer.cpp:62
.preheader:21  %i_y = mul nsw i32 %s_read, %o_y_cast_mid1


 <State 59>: 2.14ns
ST_59: tmp_3 (83)  [2/7] 2.14ns  loc: ../maxpool_test/maxpool_layer.cpp:68
.preheader:14  %tmp_3 = mul i32 %id_read, %b_cast_mid1

ST_59: tmp7 (88)  [2/7] 2.14ns  loc: ../maxpool_test/maxpool_layer.cpp:73
.preheader:19  %tmp7 = mul i32 %oy_read, %tmp9

ST_59: i_y (90)  [3/7] 2.14ns  loc: ../maxpool_test/maxpool_layer.cpp:62
.preheader:21  %i_y = mul nsw i32 %s_read, %o_y_cast_mid1


 <State 60>: 2.14ns
ST_60: tmp_3 (83)  [1/7] 2.14ns  loc: ../maxpool_test/maxpool_layer.cpp:68
.preheader:14  %tmp_3 = mul i32 %id_read, %b_cast_mid1

ST_60: tmp7 (88)  [1/7] 2.14ns  loc: ../maxpool_test/maxpool_layer.cpp:73
.preheader:19  %tmp7 = mul i32 %oy_read, %tmp9

ST_60: i_y (90)  [2/7] 2.14ns  loc: ../maxpool_test/maxpool_layer.cpp:62
.preheader:21  %i_y = mul nsw i32 %s_read, %o_y_cast_mid1


 <State 61>: 4.24ns
ST_61: indvar_flatten2 (71)  [1/1] 0.00ns
.preheader:2  %indvar_flatten2 = phi i96 [ 0, %0 ], [ %indvar_flatten_next2, %2 ]

ST_61: indvar_flatten3 (73)  [1/1] 0.00ns  loc: ../maxpool_test/maxpool_layer.cpp:49
.preheader:4  %indvar_flatten3 = phi i64 [ 0, %0 ], [ %indvar_flatten_next1, %2 ]

ST_61: indvars_iv (74)  [1/1] 0.00ns  loc: ../maxpool_test/maxpool_layer.cpp:49
.preheader:5  %indvars_iv = phi i32 [ 0, %0 ], [ %indvars_iv17_mid2, %2 ]

ST_61: indvars_iv1 (75)  [1/1] 0.00ns  loc: ../maxpool_test/maxpool_layer.cpp:49
.preheader:6  %indvars_iv1 = phi i32 [ 0, %0 ], [ %indvars_iv14_mid2, %2 ]

ST_61: indvars_iv2 (76)  [1/1] 0.00ns  loc: ../maxpool_test/maxpool_layer.cpp:52
.preheader:7  %indvars_iv2 = phi i32 [ %k_read, %0 ], [ %indvars_iv12_mid2, %2 ]

ST_61: indvars_iv3 (78)  [1/1] 0.00ns  loc: ../maxpool_test/maxpool_layer.cpp:52
.preheader:9  %indvars_iv3 = phi i32 [ 0, %0 ], [ %indvars_iv_next5, %2 ]

ST_61: indvars_iv4 (79)  [1/1] 0.00ns  loc: ../maxpool_test/maxpool_layer.cpp:52
.preheader:10  %indvars_iv4 = phi i32 [ 0, %0 ], [ %indvars_iv_next4, %2 ]

ST_61: indvars_iv5 (80)  [1/1] 0.00ns  loc: ../maxpool_test/maxpool_layer.cpp:52
.preheader:11  %indvars_iv5 = phi i32 [ %k_read, %0 ], [ %indvars_iv_next3, %2 ]

ST_61: o_x (81)  [1/1] 0.00ns
.preheader:12  %o_x = phi i31 [ 0, %0 ], [ %o_x_1, %2 ]

ST_61: tmp4 (86)  [1/1] 2.89ns  loc: ../maxpool_test/maxpool_layer.cpp:68
.preheader:17  %tmp4 = add i32 %tmp_3, %i_d_cast_mid1

ST_61: i_y (90)  [1/7] 2.14ns  loc: ../maxpool_test/maxpool_layer.cpp:62
.preheader:21  %i_y = mul nsw i32 %s_read, %o_y_cast_mid1

ST_61: tmp8 (91)  [1/1] 2.89ns  loc: ../maxpool_test/maxpool_layer.cpp:73
.preheader:22  %tmp8 = add i32 %tmp7, %o_y_cast_mid1

ST_61: o_x_cast (92)  [1/1] 0.00ns  loc: ../maxpool_test/maxpool_layer.cpp:52
.preheader:23  %o_x_cast = zext i31 %o_x to i32

ST_61: tmp_6 (93)  [1/1] 3.25ns  loc: ../maxpool_test/maxpool_layer.cpp:52
.preheader:24  %tmp_6 = icmp slt i32 %o_x_cast, %ox_read

ST_61: StgValue_268 (96)  [1/1] 0.00ns
.preheader:27  br i1 %exitcond_flatten3, label %3, label %.preheader2.preheader

ST_61: b_s_4 (98)  [1/1] 2.85ns  loc: ../maxpool_test/maxpool_layer.cpp:43
.preheader2.preheader:0  %b_s_4 = add i31 %b_s, 1

ST_61: exitcond_flatten1 (100)  [1/1] 4.24ns
.preheader2.preheader:2  %exitcond_flatten1 = icmp eq i96 %indvar_flatten2, %bound2

ST_61: exitcond_flatten2 (117)  [1/1] 3.72ns  loc: ../maxpool_test/maxpool_layer.cpp:49
.preheader2.preheader:19  %exitcond_flatten2 = icmp eq i64 %indvar_flatten3, %bound1

ST_61: StgValue_272 (234)  [1/1] 0.00ns  loc: ../maxpool_test/maxpool_layer.cpp:81
:0  ret void


 <State 62>: 2.14ns
ST_62: b_cast (99)  [1/1] 0.00ns  loc: ../maxpool_test/maxpool_layer.cpp:43
.preheader2.preheader:1  %b_cast = zext i31 %b_s_4 to i32

ST_62: tmp_3_mid1 (104)  [7/7] 2.14ns  loc: ../maxpool_test/maxpool_layer.cpp:68
.preheader2.preheader:6  %tmp_3_mid1 = mul i32 %b_cast, %id_read

ST_62: tmp_4_mid1 (106)  [7/7] 2.14ns  loc: ../maxpool_test/maxpool_layer.cpp:73
.preheader2.preheader:8  %tmp_4_mid1 = mul i32 %b_cast, %od_read

ST_62: exitcond_flatten45_m_1 (118)  [1/1] 2.07ns  loc: ../maxpool_test/maxpool_layer.cpp:49
.preheader2.preheader:20  %exitcond_flatten45_m_1 = select i1 %exitcond_flatten1, i1 %exitcond_flatten45_m, i1 %exitcond_flatten2

ST_62: b_mid2 (119)  [1/1] 2.07ns  loc: ../maxpool_test/maxpool_layer.cpp:43
.preheader2.preheader:21  %b_mid2 = select i1 %exitcond_flatten1, i31 %b_s_4, i31 %b_s


 <State 63>: 3.25ns
ST_63: tmp_3_mid1 (104)  [6/7] 2.14ns  loc: ../maxpool_test/maxpool_layer.cpp:68
.preheader2.preheader:6  %tmp_3_mid1 = mul i32 %b_cast, %id_read

ST_63: tmp_4_mid1 (106)  [6/7] 2.14ns  loc: ../maxpool_test/maxpool_layer.cpp:73
.preheader2.preheader:8  %tmp_4_mid1 = mul i32 %b_cast, %od_read

ST_63: tmp_8 (111)  [1/1] 3.25ns  loc: ../maxpool_test/maxpool_layer.cpp:49
.preheader2.preheader:13  %tmp_8 = icmp sgt i32 %indvars_iv2, %indvars_iv1

ST_63: tmp_6_mid1 (116)  [1/1] 0.00ns  loc: ../maxpool_test/maxpool_layer.cpp:52 (grouped into LUT with out node tmp_6_mid2)
.preheader2.preheader:18  %tmp_6_mid1 = select i1 %exitcond_flatten1, i1 %tmp_6_mid, i1 %tmp_6

ST_63: tmp_10 (122)  [1/1] 2.07ns  loc: ../maxpool_test/maxpool_layer.cpp:49
.preheader2.preheader:24  %tmp_10 = or i1 %exitcond_flatten45_m_1, %exitcond_flatten1

ST_63: tmp_6_mid2 (140)  [1/1] 2.07ns  loc: ../maxpool_test/maxpool_layer.cpp:52 (out node of the LUT)
.preheader2.preheader:42  %tmp_6_mid2 = select i1 %exitcond_flatten45_m_1, i1 %tmp_6_mid, i1 %tmp_6_mid1


 <State 64>: 2.89ns
ST_64: indvars_iv12_mid (102)  [1/1] 0.00ns  loc: ../maxpool_test/maxpool_layer.cpp:52 (grouped into LUT with out node indvars_iv12_mid1)
.preheader2.preheader:4  %indvars_iv12_mid = select i1 %exitcond_flatten1, i32 %k_read, i32 %indvars_iv2

ST_64: tmp_3_mid1 (104)  [5/7] 2.14ns  loc: ../maxpool_test/maxpool_layer.cpp:68
.preheader2.preheader:6  %tmp_3_mid1 = mul i32 %b_cast, %id_read

ST_64: tmp_4_mid1 (106)  [5/7] 2.14ns  loc: ../maxpool_test/maxpool_layer.cpp:73
.preheader2.preheader:8  %tmp_4_mid1 = mul i32 %b_cast, %od_read

ST_64: smax (112)  [1/1] 0.00ns  loc: ../maxpool_test/maxpool_layer.cpp:49 (grouped into LUT with out node tmp_9)
.preheader2.preheader:14  %smax = select i1 %tmp_8, i32 %indvars_iv2, i32 %indvars_iv1

ST_64: tmp_9 (113)  [1/1] 2.89ns  loc: ../maxpool_test/maxpool_layer.cpp:49 (out node of the LUT)
.preheader2.preheader:15  %tmp_9 = add i32 %indvars_iv, %smax

ST_64: indvars_iv14_mid (124)  [1/1] 2.07ns  loc: ../maxpool_test/maxpool_layer.cpp:49
.preheader2.preheader:26  %indvars_iv14_mid = select i1 %tmp_10, i32 0, i32 %indvars_iv1

ST_64: indvars_iv12_mid1 (125)  [1/1] 2.07ns  loc: ../maxpool_test/maxpool_layer.cpp:49 (out node of the LUT)
.preheader2.preheader:27  %indvars_iv12_mid1 = select i1 %exitcond_flatten45_m_1, i32 %k_read, i32 %indvars_iv12_mid


 <State 65>: 2.89ns
ST_65: tmp_3_mid1 (104)  [4/7] 2.14ns  loc: ../maxpool_test/maxpool_layer.cpp:68
.preheader2.preheader:6  %tmp_3_mid1 = mul i32 %b_cast, %id_read

ST_65: tmp_4_mid1 (106)  [4/7] 2.14ns  loc: ../maxpool_test/maxpool_layer.cpp:73
.preheader2.preheader:8  %tmp_4_mid1 = mul i32 %b_cast, %od_read

ST_65: p_mid1 (114)  [1/1] 0.00ns  loc: ../maxpool_test/maxpool_layer.cpp:49 (grouped into LUT with out node p_mid2)
.preheader2.preheader:16  %p_mid1 = select i1 %exitcond_flatten1, i32 %smax16_mid, i32 %tmp_9

ST_65: indvars_iv17_mid (123)  [1/1] 2.07ns  loc: ../maxpool_test/maxpool_layer.cpp:49
.preheader2.preheader:25  %indvars_iv17_mid = select i1 %tmp_10, i32 0, i32 %indvars_iv

ST_65: p_mid2 (136)  [1/1] 2.07ns  loc: ../maxpool_test/maxpool_layer.cpp:49 (out node of the LUT)
.preheader2.preheader:38  %p_mid2 = select i1 %exitcond_flatten45_m_1, i32 %smax16_mid, i32 %p_mid1

ST_65: indvars_iv_next (143)  [1/1] 2.89ns  loc: ../maxpool_test/maxpool_layer.cpp:49
.preheader2.preheader:45  %indvars_iv_next = add i32 %indvars_iv12_mid1, %s_read

ST_65: indvars_iv_next1 (144)  [1/1] 2.89ns  loc: ../maxpool_test/maxpool_layer.cpp:49
.preheader2.preheader:46  %indvars_iv_next1 = add i32 %indvars_iv14_mid, %s_read


 <State 66>: 3.25ns
ST_66: tmp_3_mid1 (104)  [3/7] 2.14ns  loc: ../maxpool_test/maxpool_layer.cpp:68
.preheader2.preheader:6  %tmp_3_mid1 = mul i32 %b_cast, %id_read

ST_66: tmp_4_mid1 (106)  [3/7] 2.14ns  loc: ../maxpool_test/maxpool_layer.cpp:73
.preheader2.preheader:8  %tmp_4_mid1 = mul i32 %b_cast, %od_read

ST_66: indvars_iv_next2 (145)  [1/1] 2.89ns  loc: ../maxpool_test/maxpool_layer.cpp:49
.preheader2.preheader:47  %indvars_iv_next2 = sub i32 %indvars_iv17_mid, %s_read

ST_66: p_mid3 (150)  [1/1] 3.25ns  loc: ../maxpool_test/maxpool_layer.cpp:49
.preheader2.preheader:52  %p_mid3 = icmp sgt i32 %indvars_iv_next, %indvars_iv_next1

ST_66: indvars_iv14_mid2 (162)  [1/1] 2.07ns  loc: ../maxpool_test/maxpool_layer.cpp:49
.preheader2.preheader:64  %indvars_iv14_mid2 = select i1 %tmp_6_mid2, i32 %indvars_iv14_mid, i32 %indvars_iv_next1

ST_66: indvars_iv12_mid2 (163)  [1/1] 2.07ns  loc: ../maxpool_test/maxpool_layer.cpp:52
.preheader2.preheader:65  %indvars_iv12_mid2 = select i1 %tmp_6_mid2, i32 %indvars_iv12_mid1, i32 %indvars_iv_next


 <State 67>: 2.89ns
ST_67: i_d_mid (101)  [1/1] 2.07ns  loc: ../maxpool_test/maxpool_layer.cpp:49
.preheader2.preheader:3  %i_d_mid = select i1 %exitcond_flatten1, i31 0, i31 %i_d

ST_67: tmp_3_mid1 (104)  [2/7] 2.14ns  loc: ../maxpool_test/maxpool_layer.cpp:68
.preheader2.preheader:6  %tmp_3_mid1 = mul i32 %b_cast, %id_read

ST_67: tmp_4_mid1 (106)  [2/7] 2.14ns  loc: ../maxpool_test/maxpool_layer.cpp:73
.preheader2.preheader:8  %tmp_4_mid1 = mul i32 %b_cast, %od_read

ST_67: smax16_mid1 (151)  [1/1] 0.00ns  loc: ../maxpool_test/maxpool_layer.cpp:49 (grouped into LUT with out node p_mid4)
.preheader2.preheader:53  %smax16_mid1 = select i1 %p_mid3, i32 %indvars_iv_next, i32 %indvars_iv_next1

ST_67: p_mid4 (152)  [1/1] 2.89ns  loc: ../maxpool_test/maxpool_layer.cpp:49 (out node of the LUT)
.preheader2.preheader:54  %p_mid4 = add i32 %smax16_mid1, %indvars_iv_next2

ST_67: indvars_iv17_mid2 (161)  [1/1] 2.07ns  loc: ../maxpool_test/maxpool_layer.cpp:49
.preheader2.preheader:63  %indvars_iv17_mid2 = select i1 %tmp_6_mid2, i32 %indvars_iv17_mid, i32 %indvars_iv_next2


 <State 68>: 2.85ns
ST_68: tmp_3_mid1 (104)  [1/7] 2.14ns  loc: ../maxpool_test/maxpool_layer.cpp:68
.preheader2.preheader:6  %tmp_3_mid1 = mul i32 %b_cast, %id_read

ST_68: tmp_4_mid1 (106)  [1/7] 2.14ns  loc: ../maxpool_test/maxpool_layer.cpp:73
.preheader2.preheader:8  %tmp_4_mid1 = mul i32 %b_cast, %od_read

ST_68: o_d (120)  [1/1] 2.85ns  loc: ../maxpool_test/maxpool_layer.cpp:46
.preheader2.preheader:22  %o_d = add i31 %i_d_mid, 1

ST_68: p_mid5 (153)  [1/1] 2.07ns  loc: ../maxpool_test/maxpool_layer.cpp:49 (out node of the LUT)
.preheader2.preheader:55  %p_mid5 = select i1 %tmp_6_mid2, i32 %p_mid2, i32 %p_mid4


 <State 69>: 2.89ns
ST_69: tmp_3_mid2 (105)  [1/1] 0.00ns  loc: ../maxpool_test/maxpool_layer.cpp:68 (grouped into LUT with out node tmp4_mid1)
.preheader2.preheader:7  %tmp_3_mid2 = select i1 %exitcond_flatten1, i32 %tmp_3_mid1, i32 %tmp_3

ST_69: tmp_4_mid2 (107)  [1/1] 0.00ns  loc: ../maxpool_test/maxpool_layer.cpp:73 (grouped into LUT with out node tmp9_mid1)
.preheader2.preheader:9  %tmp_4_mid2 = select i1 %exitcond_flatten1, i32 %tmp_4_mid1, i32 %tmp_4

ST_69: i_d_cast (121)  [1/1] 0.00ns  loc: ../maxpool_test/maxpool_layer.cpp:46
.preheader2.preheader:23  %i_d_cast = zext i31 %o_d to i32

ST_69: tmp4_mid1 (130)  [1/1] 2.89ns  loc: ../maxpool_test/maxpool_layer.cpp:68 (out node of the LUT)
.preheader2.preheader:32  %tmp4_mid1 = add i32 %tmp_3_mid2, %i_d_cast

ST_69: tmp9_mid1 (133)  [1/1] 2.89ns  loc: ../maxpool_test/maxpool_layer.cpp:73 (out node of the LUT)
.preheader2.preheader:35  %tmp9_mid1 = add i32 %tmp_4_mid2, %i_d_cast

ST_69: i_d_mid2 (141)  [1/1] 2.07ns  loc: ../maxpool_test/maxpool_layer.cpp:49
.preheader2.preheader:43  %i_d_mid2 = select i1 %exitcond_flatten45_m_1, i31 %o_d, i31 %i_d_mid


 <State 70>: 2.14ns
ST_70: tmp5_mid2127_v (108)  [1/1] 0.00ns  loc: ../maxpool_test/maxpool_layer.cpp:68 (grouped into LUT with out node tmp5_mid2_v)
.preheader2.preheader:10  %tmp5_mid2127_v = select i1 %exitcond_flatten1, i32 %tmp_3_mid1, i32 %tmp4

ST_70: tmp7_mid (109)  [7/7] 2.14ns  loc: ../maxpool_test/maxpool_layer.cpp:73
.preheader2.preheader:11  %tmp7_mid = mul i32 %tmp_4_mid1, %oy_read

ST_70: tmp5_mid2_v (131)  [1/1] 2.07ns  loc: ../maxpool_test/maxpool_layer.cpp:49 (out node of the LUT)
.preheader2.preheader:33  %tmp5_mid2_v = select i1 %exitcond_flatten45_m_1, i32 %tmp4_mid1, i32 %tmp5_mid2127_v

ST_70: tmp7_mid1 (134)  [7/7] 2.14ns  loc: ../maxpool_test/maxpool_layer.cpp:73
.preheader2.preheader:36  %tmp7_mid1 = mul i32 %tmp9_mid1, %oy_read


 <State 71>: 2.14ns
ST_71: tmp7_mid (109)  [6/7] 2.14ns  loc: ../maxpool_test/maxpool_layer.cpp:73
.preheader2.preheader:11  %tmp7_mid = mul i32 %tmp_4_mid1, %oy_read

ST_71: tmp5_mid2 (132)  [7/7] 2.14ns  loc: ../maxpool_test/maxpool_layer.cpp:49
.preheader2.preheader:34  %tmp5_mid2 = mul i32 %tmp5_mid2_v, %iy_read

ST_71: tmp7_mid1 (134)  [6/7] 2.14ns  loc: ../maxpool_test/maxpool_layer.cpp:73
.preheader2.preheader:36  %tmp7_mid1 = mul i32 %tmp9_mid1, %oy_read


 <State 72>: 2.14ns
ST_72: tmp7_mid (109)  [5/7] 2.14ns  loc: ../maxpool_test/maxpool_layer.cpp:73
.preheader2.preheader:11  %tmp7_mid = mul i32 %tmp_4_mid1, %oy_read

ST_72: tmp5_mid2 (132)  [6/7] 2.14ns  loc: ../maxpool_test/maxpool_layer.cpp:49
.preheader2.preheader:34  %tmp5_mid2 = mul i32 %tmp5_mid2_v, %iy_read

ST_72: tmp7_mid1 (134)  [5/7] 2.14ns  loc: ../maxpool_test/maxpool_layer.cpp:73
.preheader2.preheader:36  %tmp7_mid1 = mul i32 %tmp9_mid1, %oy_read


 <State 73>: 2.14ns
ST_73: tmp7_mid (109)  [4/7] 2.14ns  loc: ../maxpool_test/maxpool_layer.cpp:73
.preheader2.preheader:11  %tmp7_mid = mul i32 %tmp_4_mid1, %oy_read

ST_73: tmp5_mid2 (132)  [5/7] 2.14ns  loc: ../maxpool_test/maxpool_layer.cpp:49
.preheader2.preheader:34  %tmp5_mid2 = mul i32 %tmp5_mid2_v, %iy_read

ST_73: tmp7_mid1 (134)  [4/7] 2.14ns  loc: ../maxpool_test/maxpool_layer.cpp:73
.preheader2.preheader:36  %tmp7_mid1 = mul i32 %tmp9_mid1, %oy_read


 <State 74>: 2.14ns
ST_74: tmp7_mid (109)  [3/7] 2.14ns  loc: ../maxpool_test/maxpool_layer.cpp:73
.preheader2.preheader:11  %tmp7_mid = mul i32 %tmp_4_mid1, %oy_read

ST_74: tmp5_mid2 (132)  [4/7] 2.14ns  loc: ../maxpool_test/maxpool_layer.cpp:49
.preheader2.preheader:34  %tmp5_mid2 = mul i32 %tmp5_mid2_v, %iy_read

ST_74: tmp7_mid1 (134)  [3/7] 2.14ns  loc: ../maxpool_test/maxpool_layer.cpp:73
.preheader2.preheader:36  %tmp7_mid1 = mul i32 %tmp9_mid1, %oy_read


 <State 75>: 2.14ns
ST_75: indvars_iv19_mid (103)  [1/1] 0.00ns  loc: ../maxpool_test/maxpool_layer.cpp:52 (grouped into LUT with out node indvars_iv19_mid1)
.preheader2.preheader:5  %indvars_iv19_mid = select i1 %exitcond_flatten1, i32 %k_read, i32 %indvars_iv5

ST_75: tmp7_mid (109)  [2/7] 2.14ns  loc: ../maxpool_test/maxpool_layer.cpp:73
.preheader2.preheader:11  %tmp7_mid = mul i32 %tmp_4_mid1, %oy_read

ST_75: o_y_mid (126)  [1/1] 2.07ns  loc: ../maxpool_test/maxpool_layer.cpp:49
.preheader2.preheader:28  %o_y_mid = select i1 %tmp_10, i31 0, i31 %o_y

ST_75: indvars_iv19_mid1 (129)  [1/1] 2.07ns  loc: ../maxpool_test/maxpool_layer.cpp:49 (out node of the LUT)
.preheader2.preheader:31  %indvars_iv19_mid1 = select i1 %exitcond_flatten45_m_1, i32 %k_read, i32 %indvars_iv19_mid

ST_75: tmp5_mid2 (132)  [3/7] 2.14ns  loc: ../maxpool_test/maxpool_layer.cpp:49
.preheader2.preheader:34  %tmp5_mid2 = mul i32 %tmp5_mid2_v, %iy_read

ST_75: tmp7_mid1 (134)  [2/7] 2.14ns  loc: ../maxpool_test/maxpool_layer.cpp:73
.preheader2.preheader:36  %tmp7_mid1 = mul i32 %tmp9_mid1, %oy_read


 <State 76>: 2.85ns
ST_76: tmp7_mid (109)  [1/7] 2.14ns  loc: ../maxpool_test/maxpool_layer.cpp:73
.preheader2.preheader:11  %tmp7_mid = mul i32 %tmp_4_mid1, %oy_read

ST_76: indvars_iv21_mid (128)  [1/1] 0.00ns  loc: ../maxpool_test/maxpool_layer.cpp:52 (grouped into LUT with out node indvars_iv21_mid2)
.preheader2.preheader:30  %indvars_iv21_mid = select i1 %tmp_10, i32 0, i32 %indvars_iv4

ST_76: tmp5_mid2 (132)  [2/7] 2.14ns  loc: ../maxpool_test/maxpool_layer.cpp:49
.preheader2.preheader:34  %tmp5_mid2 = mul i32 %tmp5_mid2_v, %iy_read

ST_76: tmp7_mid1 (134)  [1/7] 2.14ns  loc: ../maxpool_test/maxpool_layer.cpp:73
.preheader2.preheader:36  %tmp7_mid1 = mul i32 %tmp9_mid1, %oy_read

ST_76: o_y_1 (142)  [1/1] 2.85ns  loc: ../maxpool_test/maxpool_layer.cpp:49
.preheader2.preheader:44  %o_y_1 = add i31 %o_y_mid, 1

ST_76: indvars_iv21_mid2 (148)  [1/1] 2.07ns  loc: ../maxpool_test/maxpool_layer.cpp:52 (out node of the LUT)
.preheader2.preheader:50  %indvars_iv21_mid2 = select i1 %tmp_6_mid2, i32 %indvars_iv21_mid, i32 0

ST_76: indvars_iv19_mid2 (149)  [1/1] 2.07ns  loc: ../maxpool_test/maxpool_layer.cpp:52 (out node of the LUT)
.preheader2.preheader:51  %indvars_iv19_mid2 = select i1 %tmp_6_mid2, i32 %indvars_iv19_mid1, i32 %k_read


 <State 77>: 3.25ns
ST_77: tmp7_mid3 (110)  [1/1] 0.00ns  loc: ../maxpool_test/maxpool_layer.cpp:73 (grouped into LUT with out node tmp8_mid1)
.preheader2.preheader:12  %tmp7_mid3 = select i1 %exitcond_flatten1, i32 %tmp7_mid, i32 %tmp7

ST_77: tmp1_mid2157_v (115)  [1/1] 0.00ns  loc: ../maxpool_test/maxpool_layer.cpp:73 (grouped into LUT with out node tmp1_mid289_v)
.preheader2.preheader:17  %tmp1_mid2157_v = select i1 %exitcond_flatten1, i32 %tmp7_mid, i32 %tmp8

ST_77: indvars_iv24_mid (127)  [1/1] 0.00ns  loc: ../maxpool_test/maxpool_layer.cpp:52 (grouped into LUT with out node indvars_iv24_mid2)
.preheader2.preheader:29  %indvars_iv24_mid = select i1 %tmp_10, i32 0, i32 %indvars_iv3

ST_77: tmp5_mid2 (132)  [1/7] 2.14ns  loc: ../maxpool_test/maxpool_layer.cpp:49
.preheader2.preheader:34  %tmp5_mid2 = mul i32 %tmp5_mid2_v, %iy_read

ST_77: tmp7_mid2 (135)  [1/1] 0.00ns  loc: ../maxpool_test/maxpool_layer.cpp:49 (grouped into LUT with out node tmp8_mid1)
.preheader2.preheader:37  %tmp7_mid2 = select i1 %exitcond_flatten45_m_1, i32 %tmp7_mid1, i32 %tmp7_mid3

ST_77: tmp1_mid289_v (138)  [1/1] 2.07ns  loc: ../maxpool_test/maxpool_layer.cpp:49 (out node of the LUT)
.preheader2.preheader:40  %tmp1_mid289_v = select i1 %exitcond_flatten45_m_1, i32 %tmp7_mid1, i32 %tmp1_mid2157_v

ST_77: o_x_cast_mid (139)  [1/1] 0.00ns  loc: ../maxpool_test/maxpool_layer.cpp:52 (grouped into LUT with out node o_x_cast_mid2)
.preheader2.preheader:41  %o_x_cast_mid = select i1 %tmp_10, i31 0, i31 %o_x

ST_77: o_y_cast (146)  [1/1] 0.00ns  loc: ../maxpool_test/maxpool_layer.cpp:49
.preheader2.preheader:48  %o_y_cast = zext i31 %o_y_1 to i32

ST_77: indvars_iv24_mid2 (147)  [1/1] 2.07ns  loc: ../maxpool_test/maxpool_layer.cpp:52 (out node of the LUT)
.preheader2.preheader:49  %indvars_iv24_mid2 = select i1 %tmp_6_mid2, i32 %indvars_iv24_mid, i32 0

ST_77: i_y_mid1 (154)  [7/7] 2.14ns  loc: ../maxpool_test/maxpool_layer.cpp:62
.preheader2.preheader:56  %i_y_mid1 = mul nsw i32 %o_y_cast, %s_read

ST_77: tmp8_mid1 (156)  [1/1] 2.89ns  loc: ../maxpool_test/maxpool_layer.cpp:49 (out node of the LUT)
.preheader2.preheader:58  %tmp8_mid1 = add i32 %tmp7_mid2, %o_y_cast

ST_77: o_x_cast_mid2 (159)  [1/1] 2.07ns  loc: ../maxpool_test/maxpool_layer.cpp:52 (out node of the LUT)
.preheader2.preheader:61  %o_x_cast_mid2 = select i1 %tmp_6_mid2, i31 %o_x_cast_mid, i31 0

ST_77: o_y_mid2 (164)  [1/1] 2.07ns  loc: ../maxpool_test/maxpool_layer.cpp:52
.preheader2.preheader:66  %o_y_mid2 = select i1 %tmp_6_mid2, i31 %o_y_mid, i31 %o_y_1

ST_77: tmp_12 (165)  [1/1] 3.25ns  loc: ../maxpool_test/maxpool_layer.cpp:52
.preheader2.preheader:67  %tmp_12 = icmp sgt i32 %indvars_iv19_mid2, %indvars_iv21_mid2


 <State 78>: 2.89ns
ST_78: i_y_mid1 (154)  [6/7] 2.14ns  loc: ../maxpool_test/maxpool_layer.cpp:62
.preheader2.preheader:56  %i_y_mid1 = mul nsw i32 %o_y_cast, %s_read

ST_78: tmp1_mid2_v (157)  [1/1] 2.07ns  loc: ../maxpool_test/maxpool_layer.cpp:52 (out node of the LUT)
.preheader2.preheader:59  %tmp1_mid2_v = select i1 %tmp_6_mid2, i32 %tmp1_mid289_v, i32 %tmp8_mid1

ST_78: o_x_cast_mid2_cast (160)  [1/1] 0.00ns  loc: ../maxpool_test/maxpool_layer.cpp:52
.preheader2.preheader:62  %o_x_cast_mid2_cast = zext i31 %o_x_cast_mid2 to i32

ST_78: smax1 (166)  [1/1] 0.00ns  loc: ../maxpool_test/maxpool_layer.cpp:52 (grouped into LUT with out node tmp_16)
.preheader2.preheader:68  %smax1 = select i1 %tmp_12, i32 %indvars_iv19_mid2, i32 %indvars_iv21_mid2

ST_78: tmp_16 (167)  [1/1] 2.89ns  loc: ../maxpool_test/maxpool_layer.cpp:52 (out node of the LUT)
.preheader2.preheader:69  %tmp_16 = add i32 %smax1, %indvars_iv24_mid2

ST_78: i_x (168)  [7/7] 2.14ns  loc: ../maxpool_test/maxpool_layer.cpp:65
.preheader2.preheader:70  %i_x = mul nsw i32 %o_x_cast_mid2_cast, %s_read


 <State 79>: 2.14ns
ST_79: i_y_mid1 (154)  [5/7] 2.14ns  loc: ../maxpool_test/maxpool_layer.cpp:62
.preheader2.preheader:56  %i_y_mid1 = mul nsw i32 %o_y_cast, %s_read

ST_79: tmp1_mid2 (158)  [7/7] 2.14ns  loc: ../maxpool_test/maxpool_layer.cpp:52
.preheader2.preheader:60  %tmp1_mid2 = mul i32 %tmp1_mid2_v, %ox_read

ST_79: i_x (168)  [6/7] 2.14ns  loc: ../maxpool_test/maxpool_layer.cpp:65
.preheader2.preheader:70  %i_x = mul nsw i32 %o_x_cast_mid2_cast, %s_read

ST_79: cast (170)  [1/1] 0.00ns  loc: ../maxpool_test/maxpool_layer.cpp:49
.preheader2.preheader:72  %cast = zext i32 %p_mid5 to i64

ST_79: cast7 (171)  [1/1] 0.00ns  loc: ../maxpool_test/maxpool_layer.cpp:52
.preheader2.preheader:73  %cast7 = zext i32 %tmp_16 to i64

ST_79: bound (172)  [7/7] 2.14ns  loc: ../maxpool_test/maxpool_layer.cpp:49
.preheader2.preheader:74  %bound = mul i64 %cast, %cast7


 <State 80>: 2.14ns
ST_80: i_y_mid1 (154)  [4/7] 2.14ns  loc: ../maxpool_test/maxpool_layer.cpp:62
.preheader2.preheader:56  %i_y_mid1 = mul nsw i32 %o_y_cast, %s_read

ST_80: tmp1_mid2 (158)  [6/7] 2.14ns  loc: ../maxpool_test/maxpool_layer.cpp:52
.preheader2.preheader:60  %tmp1_mid2 = mul i32 %tmp1_mid2_v, %ox_read

ST_80: i_x (168)  [5/7] 2.14ns  loc: ../maxpool_test/maxpool_layer.cpp:65
.preheader2.preheader:70  %i_x = mul nsw i32 %o_x_cast_mid2_cast, %s_read

ST_80: bound (172)  [6/7] 2.14ns  loc: ../maxpool_test/maxpool_layer.cpp:49
.preheader2.preheader:74  %bound = mul i64 %cast, %cast7


 <State 81>: 2.14ns
ST_81: i_y_mid1 (154)  [3/7] 2.14ns  loc: ../maxpool_test/maxpool_layer.cpp:62
.preheader2.preheader:56  %i_y_mid1 = mul nsw i32 %o_y_cast, %s_read

ST_81: tmp1_mid2 (158)  [5/7] 2.14ns  loc: ../maxpool_test/maxpool_layer.cpp:52
.preheader2.preheader:60  %tmp1_mid2 = mul i32 %tmp1_mid2_v, %ox_read

ST_81: i_x (168)  [4/7] 2.14ns  loc: ../maxpool_test/maxpool_layer.cpp:65
.preheader2.preheader:70  %i_x = mul nsw i32 %o_x_cast_mid2_cast, %s_read

ST_81: bound (172)  [5/7] 2.14ns  loc: ../maxpool_test/maxpool_layer.cpp:49
.preheader2.preheader:74  %bound = mul i64 %cast, %cast7


 <State 82>: 2.14ns
ST_82: i_y_mid1 (154)  [2/7] 2.14ns  loc: ../maxpool_test/maxpool_layer.cpp:62
.preheader2.preheader:56  %i_y_mid1 = mul nsw i32 %o_y_cast, %s_read

ST_82: tmp1_mid2 (158)  [4/7] 2.14ns  loc: ../maxpool_test/maxpool_layer.cpp:52
.preheader2.preheader:60  %tmp1_mid2 = mul i32 %tmp1_mid2_v, %ox_read

ST_82: i_x (168)  [3/7] 2.14ns  loc: ../maxpool_test/maxpool_layer.cpp:65
.preheader2.preheader:70  %i_x = mul nsw i32 %o_x_cast_mid2_cast, %s_read

ST_82: bound (172)  [4/7] 2.14ns  loc: ../maxpool_test/maxpool_layer.cpp:49
.preheader2.preheader:74  %bound = mul i64 %cast, %cast7


 <State 83>: 2.14ns
ST_83: i_y_mid1 (154)  [1/7] 2.14ns  loc: ../maxpool_test/maxpool_layer.cpp:62
.preheader2.preheader:56  %i_y_mid1 = mul nsw i32 %o_y_cast, %s_read

ST_83: tmp1_mid2 (158)  [3/7] 2.14ns  loc: ../maxpool_test/maxpool_layer.cpp:52
.preheader2.preheader:60  %tmp1_mid2 = mul i32 %tmp1_mid2_v, %ox_read

ST_83: i_x (168)  [2/7] 2.14ns  loc: ../maxpool_test/maxpool_layer.cpp:65
.preheader2.preheader:70  %i_x = mul nsw i32 %o_x_cast_mid2_cast, %s_read

ST_83: bound (172)  [3/7] 2.14ns  loc: ../maxpool_test/maxpool_layer.cpp:49
.preheader2.preheader:74  %bound = mul i64 %cast, %cast7


 <State 84>: 2.14ns
ST_84: i_y_mid (137)  [1/1] 0.00ns  loc: ../maxpool_test/maxpool_layer.cpp:62 (grouped into LUT with out node i_y_mid2)
.preheader2.preheader:39  %i_y_mid = select i1 %tmp_10, i32 0, i32 %i_y

ST_84: i_y_mid2 (155)  [1/1] 2.07ns  loc: ../maxpool_test/maxpool_layer.cpp:62 (out node of the LUT)
.preheader2.preheader:57  %i_y_mid2 = select i1 %tmp_6_mid2, i32 %i_y_mid, i32 %i_y_mid1

ST_84: tmp1_mid2 (158)  [2/7] 2.14ns  loc: ../maxpool_test/maxpool_layer.cpp:52
.preheader2.preheader:60  %tmp1_mid2 = mul i32 %tmp1_mid2_v, %ox_read

ST_84: i_x (168)  [1/7] 2.14ns  loc: ../maxpool_test/maxpool_layer.cpp:65
.preheader2.preheader:70  %i_x = mul nsw i32 %o_x_cast_mid2_cast, %s_read

ST_84: bound (172)  [2/7] 2.14ns  loc: ../maxpool_test/maxpool_layer.cpp:49
.preheader2.preheader:74  %bound = mul i64 %cast, %cast7


 <State 85>: 2.89ns
ST_85: tmp1_mid2 (158)  [1/7] 2.14ns  loc: ../maxpool_test/maxpool_layer.cpp:52
.preheader2.preheader:60  %tmp1_mid2 = mul i32 %tmp1_mid2_v, %ox_read

ST_85: tmp_7 (169)  [1/1] 2.89ns  loc: ../maxpool_test/maxpool_layer.cpp:65
.preheader2.preheader:71  %tmp_7 = add nsw i32 %i_x, %k_read

ST_85: bound (172)  [1/7] 2.14ns  loc: ../maxpool_test/maxpool_layer.cpp:49
.preheader2.preheader:74  %bound = mul i64 %cast, %cast7

ST_85: StgValue_399 (173)  [1/1] 1.61ns  loc: ../maxpool_test/maxpool_layer.cpp:62
.preheader2.preheader:75  br label %1


 <State 86>: 5.79ns
ST_86: indvar_flatten (175)  [1/1] 0.00ns
:0  %indvar_flatten = phi i64 [ 0, %.preheader2.preheader ], [ %indvar_flatten_next, %.reset ]

ST_86: i_y1 (176)  [1/1] 0.00ns  loc: ../maxpool_test/maxpool_layer.cpp:62
:1  %i_y1 = phi i32 [ %i_y_mid2, %.preheader2.preheader ], [ %tmp6_mid2_v_v, %.reset ]

ST_86: i_x1 (178)  [1/1] 0.00ns
:3  %i_x1 = phi i32 [ %i_x, %.preheader2.preheader ], [ %i_x_1, %.reset ]

ST_86: exitcond_flatten (179)  [1/1] 3.72ns  loc: ../maxpool_test/maxpool_layer.cpp:49
:4  %exitcond_flatten = icmp eq i64 %indvar_flatten, %bound

ST_86: indvar_flatten_next (180)  [2/2] 2.90ns
:5  %indvar_flatten_next = add i64 %indvar_flatten, 1

ST_86: tmp_18 (183)  [1/1] 3.25ns  loc: ../maxpool_test/maxpool_layer.cpp:65
.reset:0  %tmp_18 = icmp slt i32 %i_x1, %tmp_7

ST_86: i_y_s (185)  [1/1] 2.89ns  loc: ../maxpool_test/maxpool_layer.cpp:62
.reset:2  %i_y_s = add nsw i32 1, %i_y1


 <State 87>: 2.90ns
ST_87: tmp_s (177)  [1/1] 0.00ns
:2  %tmp_s = phi float [ -9.000000e+03, %.preheader2.preheader ], [ %output_element, %.reset ]

ST_87: indvar_flatten_next (180)  [1/2] 2.90ns
:5  %indvar_flatten_next = add i64 %indvar_flatten, 1

ST_87: StgValue_409 (181)  [1/1] 0.00ns  loc: ../maxpool_test/maxpool_layer.cpp:49
:6  br i1 %exitcond_flatten, label %2, label %.reset

ST_87: i_x1_mid2 (184)  [1/1] 2.07ns  loc: ../maxpool_test/maxpool_layer.cpp:65
.reset:1  %i_x1_mid2 = select i1 %tmp_18, i32 %i_x1, i32 %i_x

ST_87: tmp6_mid2_v_v (186)  [1/1] 2.07ns  loc: ../maxpool_test/maxpool_layer.cpp:65
.reset:3  %tmp6_mid2_v_v = select i1 %tmp_18, i32 %i_y1, i32 %i_y_s


 <State 88>: 2.89ns
ST_88: tmp6_mid2_v (187)  [1/1] 2.89ns  loc: ../maxpool_test/maxpool_layer.cpp:65
.reset:4  %tmp6_mid2_v = add i32 %tmp6_mid2_v_v, %tmp5_mid2

ST_88: tmp2 (191)  [1/1] 2.89ns  loc: ../maxpool_test/maxpool_layer.cpp:68
.reset:8  %tmp2 = add i32 %tmp_2, %i_x1_mid2

ST_88: i_x_1 (213)  [1/1] 2.89ns  loc: ../maxpool_test/maxpool_layer.cpp:65
.reset:30  %i_x_1 = add nsw i32 1, %i_x1_mid2


 <State 89>: 2.14ns
ST_89: tmp6_mid2 (188)  [7/7] 2.14ns  loc: ../maxpool_test/maxpool_layer.cpp:65
.reset:5  %tmp6_mid2 = mul i32 %ix_read, %tmp6_mid2_v


 <State 90>: 2.14ns
ST_90: tmp6_mid2 (188)  [6/7] 2.14ns  loc: ../maxpool_test/maxpool_layer.cpp:65
.reset:5  %tmp6_mid2 = mul i32 %ix_read, %tmp6_mid2_v


 <State 91>: 2.14ns
ST_91: tmp6_mid2 (188)  [5/7] 2.14ns  loc: ../maxpool_test/maxpool_layer.cpp:65
.reset:5  %tmp6_mid2 = mul i32 %ix_read, %tmp6_mid2_v


 <State 92>: 2.14ns
ST_92: tmp6_mid2 (188)  [4/7] 2.14ns  loc: ../maxpool_test/maxpool_layer.cpp:65
.reset:5  %tmp6_mid2 = mul i32 %ix_read, %tmp6_mid2_v


 <State 93>: 2.14ns
ST_93: tmp6_mid2 (188)  [3/7] 2.14ns  loc: ../maxpool_test/maxpool_layer.cpp:65
.reset:5  %tmp6_mid2 = mul i32 %ix_read, %tmp6_mid2_v


 <State 94>: 2.14ns
ST_94: tmp6_mid2 (188)  [2/7] 2.14ns  loc: ../maxpool_test/maxpool_layer.cpp:65
.reset:5  %tmp6_mid2 = mul i32 %ix_read, %tmp6_mid2_v


 <State 95>: 2.14ns
ST_95: tmp6_mid2 (188)  [1/7] 2.14ns  loc: ../maxpool_test/maxpool_layer.cpp:65
.reset:5  %tmp6_mid2 = mul i32 %ix_read, %tmp6_mid2_v


 <State 96>: 2.89ns
ST_96: tmp_14 (192)  [1/1] 2.89ns  loc: ../maxpool_test/maxpool_layer.cpp:68
.reset:9  %tmp_14 = add i32 %tmp2, %tmp6_mid2


 <State 97>: 3.50ns
ST_97: mem_addr_1 (193)  [1/1] 0.00ns  loc: ../maxpool_test/maxpool_layer.cpp:68
.reset:10  %mem_addr_1 = getelementptr inbounds float* %mem, i32 %tmp_14

ST_97: temp_req (194)  [7/7] 3.50ns  loc: ../maxpool_test/maxpool_layer.cpp:68
.reset:11  %temp_req = call i1 @_ssdm_op_ReadReq.m_axi.floatP(float* %mem_addr_1, i32 1) nounwind


 <State 98>: 3.50ns
ST_98: temp_req (194)  [6/7] 3.50ns  loc: ../maxpool_test/maxpool_layer.cpp:68
.reset:11  %temp_req = call i1 @_ssdm_op_ReadReq.m_axi.floatP(float* %mem_addr_1, i32 1) nounwind


 <State 99>: 3.50ns
ST_99: temp_req (194)  [5/7] 3.50ns  loc: ../maxpool_test/maxpool_layer.cpp:68
.reset:11  %temp_req = call i1 @_ssdm_op_ReadReq.m_axi.floatP(float* %mem_addr_1, i32 1) nounwind


 <State 100>: 3.50ns
ST_100: temp_req (194)  [4/7] 3.50ns  loc: ../maxpool_test/maxpool_layer.cpp:68
.reset:11  %temp_req = call i1 @_ssdm_op_ReadReq.m_axi.floatP(float* %mem_addr_1, i32 1) nounwind


 <State 101>: 3.50ns
ST_101: temp_req (194)  [3/7] 3.50ns  loc: ../maxpool_test/maxpool_layer.cpp:68
.reset:11  %temp_req = call i1 @_ssdm_op_ReadReq.m_axi.floatP(float* %mem_addr_1, i32 1) nounwind


 <State 102>: 3.50ns
ST_102: temp_req (194)  [2/7] 3.50ns  loc: ../maxpool_test/maxpool_layer.cpp:68
.reset:11  %temp_req = call i1 @_ssdm_op_ReadReq.m_axi.floatP(float* %mem_addr_1, i32 1) nounwind


 <State 103>: 3.50ns
ST_103: temp_req (194)  [1/7] 3.50ns  loc: ../maxpool_test/maxpool_layer.cpp:68
.reset:11  %temp_req = call i1 @_ssdm_op_ReadReq.m_axi.floatP(float* %mem_addr_1, i32 1) nounwind


 <State 104>: 3.50ns
ST_104: temp (195)  [1/1] 3.50ns  loc: ../maxpool_test/maxpool_layer.cpp:68
.reset:12  %temp = call float @_ssdm_op_Read.m_axi.floatP(float* %mem_addr_1) nounwind


 <State 105>: 2.64ns
ST_105: tmp_22 (209)  [4/4] 2.64ns  loc: C:/Xilinx/Vivado_HLS/2017.2/win64/tools/clang/bin\..\lib\clang\3.1/../../../include/c++/4.5.2\bits/stl_algobase.h:214->../maxpool_test/maxpool_layer.cpp:69
.reset:26  %tmp_22 = fcmp olt float %temp, %tmp_s


 <State 106>: 2.64ns
ST_106: tmp_22 (209)  [3/4] 2.64ns  loc: C:/Xilinx/Vivado_HLS/2017.2/win64/tools/clang/bin\..\lib\clang\3.1/../../../include/c++/4.5.2\bits/stl_algobase.h:214->../maxpool_test/maxpool_layer.cpp:69
.reset:26  %tmp_22 = fcmp olt float %temp, %tmp_s


 <State 107>: 3.19ns
ST_107: temp_to_int (196)  [1/1] 0.00ns  loc: ../maxpool_test/maxpool_layer.cpp:68
.reset:13  %temp_to_int = bitcast float %temp to i32

ST_107: tmp_15 (197)  [1/1] 0.00ns  loc: ../maxpool_test/maxpool_layer.cpp:68
.reset:14  %tmp_15 = call i8 @_ssdm_op_PartSelect.i8.i32.i32.i32(i32 %temp_to_int, i32 23, i32 30)

ST_107: tmp_24 (198)  [1/1] 0.00ns  loc: ../maxpool_test/maxpool_layer.cpp:68
.reset:15  %tmp_24 = trunc i32 %temp_to_int to i23

ST_107: tmp_13_to_int (199)  [1/1] 0.00ns  loc: ../maxpool_test/maxpool_layer.cpp:69
.reset:16  %tmp_13_to_int = bitcast float %tmp_s to i32

ST_107: tmp_17 (200)  [1/1] 0.00ns  loc: ../maxpool_test/maxpool_layer.cpp:69
.reset:17  %tmp_17 = call i8 @_ssdm_op_PartSelect.i8.i32.i32.i32(i32 %tmp_13_to_int, i32 23, i32 30)

ST_107: tmp_25 (201)  [1/1] 0.00ns  loc: ../maxpool_test/maxpool_layer.cpp:69
.reset:18  %tmp_25 = trunc i32 %tmp_13_to_int to i23

ST_107: notlhs (202)  [1/1] 2.90ns  loc: ../maxpool_test/maxpool_layer.cpp:68
.reset:19  %notlhs = icmp ne i8 %tmp_15, -1

ST_107: notrhs (203)  [1/1] 3.19ns  loc: ../maxpool_test/maxpool_layer.cpp:68
.reset:20  %notrhs = icmp eq i23 %tmp_24, 0

ST_107: notlhs1 (205)  [1/1] 2.90ns  loc: ../maxpool_test/maxpool_layer.cpp:69
.reset:22  %notlhs1 = icmp ne i8 %tmp_17, -1

ST_107: notrhs1 (206)  [1/1] 3.19ns  loc: ../maxpool_test/maxpool_layer.cpp:69
.reset:23  %notrhs1 = icmp eq i23 %tmp_25, 0

ST_107: tmp_22 (209)  [2/4] 2.64ns  loc: C:/Xilinx/Vivado_HLS/2017.2/win64/tools/clang/bin\..\lib\clang\3.1/../../../include/c++/4.5.2\bits/stl_algobase.h:214->../maxpool_test/maxpool_layer.cpp:69
.reset:26  %tmp_22 = fcmp olt float %temp, %tmp_s


 <State 108>: 6.78ns
ST_108: tmp_13 (189)  [1/1] 0.00ns  loc: ../maxpool_test/maxpool_layer.cpp:66
.reset:6  %tmp_13 = call i32 (...)* @_ssdm_op_SpecRegionBegin([12 x i8]* @p_str4) nounwind

ST_108: StgValue_446 (190)  [1/1] 0.00ns  loc: ../maxpool_test/maxpool_layer.cpp:67
.reset:7  call void (...)* @_ssdm_op_SpecPipeline(i32 -1, i32 1, i32 1, i32 0, [1 x i8]* @p_str1) nounwind

ST_108: tmp_19 (204)  [1/1] 0.00ns  loc: ../maxpool_test/maxpool_layer.cpp:68 (grouped into LUT with out node tmp_23)
.reset:21  %tmp_19 = or i1 %notrhs, %notlhs

ST_108: tmp_20 (207)  [1/1] 0.00ns  loc: ../maxpool_test/maxpool_layer.cpp:69 (grouped into LUT with out node tmp_23)
.reset:24  %tmp_20 = or i1 %notrhs1, %notlhs1

ST_108: tmp_21 (208)  [1/1] 0.00ns  loc: ../maxpool_test/maxpool_layer.cpp:68 (grouped into LUT with out node tmp_23)
.reset:25  %tmp_21 = and i1 %tmp_19, %tmp_20

ST_108: tmp_22 (209)  [1/4] 2.64ns  loc: C:/Xilinx/Vivado_HLS/2017.2/win64/tools/clang/bin\..\lib\clang\3.1/../../../include/c++/4.5.2\bits/stl_algobase.h:214->../maxpool_test/maxpool_layer.cpp:69
.reset:26  %tmp_22 = fcmp olt float %temp, %tmp_s

ST_108: tmp_23 (210)  [1/1] 2.07ns  loc: C:/Xilinx/Vivado_HLS/2017.2/win64/tools/clang/bin\..\lib\clang\3.1/../../../include/c++/4.5.2\bits/stl_algobase.h:214->../maxpool_test/maxpool_layer.cpp:69 (out node of the LUT)
.reset:27  %tmp_23 = and i1 %tmp_21, %tmp_22

ST_108: output_element (211)  [1/1] 2.07ns  loc: ../maxpool_test/maxpool_layer.cpp:69 (out node of the LUT)
.reset:28  %output_element = select i1 %tmp_23, float %tmp_s, float %temp

ST_108: empty (212)  [1/1] 0.00ns  loc: ../maxpool_test/maxpool_layer.cpp:70
.reset:29  %empty = call i32 (...)* @_ssdm_op_SpecRegionEnd([12 x i8]* @p_str4, i32 %tmp_13) nounwind

ST_108: StgValue_454 (214)  [1/1] 0.00ns  loc: ../maxpool_test/maxpool_layer.cpp:65
.reset:31  br label %1


 <State 109>: 3.37ns
ST_109: tmp1 (216)  [1/1] 2.85ns  loc: ../maxpool_test/maxpool_layer.cpp:73
:0  %tmp1 = add i32 %o_x_cast_mid2_cast, %tmp_5

ST_109: o_x_op (222)  [1/1] 2.85ns  loc: ../maxpool_test/maxpool_layer.cpp:52
:6  %o_x_op = add i31 %o_x, 1

ST_109: indvars_iv_next3 (225)  [1/1] 2.89ns  loc: ../maxpool_test/maxpool_layer.cpp:52
:9  %indvars_iv_next3 = add i32 %indvars_iv19_mid2, %s_read

ST_109: indvars_iv_next4 (226)  [1/1] 2.89ns  loc: ../maxpool_test/maxpool_layer.cpp:52
:10  %indvars_iv_next4 = add i32 %indvars_iv21_mid2, %s_read

ST_109: indvars_iv_next5 (227)  [1/1] 2.89ns  loc: ../maxpool_test/maxpool_layer.cpp:52
:11  %indvars_iv_next5 = sub i32 %indvars_iv24_mid2, %s_read

ST_109: indvar_flatten43_op (228)  [2/2] 2.90ns  loc: ../maxpool_test/maxpool_layer.cpp:49
:12  %indvar_flatten43_op = add i64 %indvar_flatten3, 1

ST_109: indvar_flatten95_op (230)  [2/2] 3.37ns
:14  %indvar_flatten95_op = add i96 %indvar_flatten2, 1


 <State 110>: 3.37ns
ST_110: tmp_11 (217)  [1/1] 2.89ns  loc: ../maxpool_test/maxpool_layer.cpp:73
:1  %tmp_11 = add i32 %tmp1_mid2, %tmp1

ST_110: o_x_mid265_op (223)  [1/1] 0.00ns  loc: ../maxpool_test/maxpool_layer.cpp:52 (grouped into LUT with out node o_x_1)
:7  %o_x_mid265_op = select i1 %tmp_10, i31 1, i31 %o_x_op

ST_110: o_x_1 (224)  [1/1] 2.07ns  loc: ../maxpool_test/maxpool_layer.cpp:52 (out node of the LUT)
:8  %o_x_1 = select i1 %tmp_6_mid2, i31 %o_x_mid265_op, i31 1

ST_110: indvar_flatten43_op (228)  [1/2] 2.90ns  loc: ../maxpool_test/maxpool_layer.cpp:49
:12  %indvar_flatten43_op = add i64 %indvar_flatten3, 1

ST_110: indvar_flatten95_op (230)  [1/2] 3.37ns
:14  %indvar_flatten95_op = add i96 %indvar_flatten2, 1


 <State 111>: 3.50ns
ST_111: mem_addr (218)  [1/1] 0.00ns  loc: ../maxpool_test/maxpool_layer.cpp:73
:2  %mem_addr = getelementptr inbounds float* %mem, i32 %tmp_11

ST_111: mem_addr_req (219)  [1/1] 3.50ns  loc: ../maxpool_test/maxpool_layer.cpp:73
:3  %mem_addr_req = call i1 @_ssdm_op_WriteReq.m_axi.floatP(float* %mem_addr, i32 1) nounwind

ST_111: indvar_flatten_next1 (229)  [1/1] 2.07ns  loc: ../maxpool_test/maxpool_layer.cpp:49
:13  %indvar_flatten_next1 = select i1 %tmp_10, i64 1, i64 %indvar_flatten43_op

ST_111: indvar_flatten_next2 (231)  [1/1] 2.07ns
:15  %indvar_flatten_next2 = select i1 %exitcond_flatten1, i96 1, i96 %indvar_flatten95_op


 <State 112>: 3.50ns
ST_112: StgValue_471 (220)  [1/1] 3.50ns  loc: ../maxpool_test/maxpool_layer.cpp:73
:4  call void @_ssdm_op_Write.m_axi.floatP(float* %mem_addr, float %tmp_s, i4 -1) nounwind


 <State 113>: 3.50ns
ST_113: mem_addr_resp (221)  [5/5] 3.50ns  loc: ../maxpool_test/maxpool_layer.cpp:73
:5  %mem_addr_resp = call i1 @_ssdm_op_WriteResp.m_axi.floatP(float* %mem_addr) nounwind


 <State 114>: 3.50ns
ST_114: mem_addr_resp (221)  [4/5] 3.50ns  loc: ../maxpool_test/maxpool_layer.cpp:73
:5  %mem_addr_resp = call i1 @_ssdm_op_WriteResp.m_axi.floatP(float* %mem_addr) nounwind


 <State 115>: 3.50ns
ST_115: mem_addr_resp (221)  [3/5] 3.50ns  loc: ../maxpool_test/maxpool_layer.cpp:73
:5  %mem_addr_resp = call i1 @_ssdm_op_WriteResp.m_axi.floatP(float* %mem_addr) nounwind


 <State 116>: 3.50ns
ST_116: mem_addr_resp (221)  [2/5] 3.50ns  loc: ../maxpool_test/maxpool_layer.cpp:73
:5  %mem_addr_resp = call i1 @_ssdm_op_WriteResp.m_axi.floatP(float* %mem_addr) nounwind


 <State 117>: 3.50ns
ST_117: mem_addr_resp (221)  [1/5] 3.50ns  loc: ../maxpool_test/maxpool_layer.cpp:73
:5  %mem_addr_resp = call i1 @_ssdm_op_WriteResp.m_axi.floatP(float* %mem_addr) nounwind

ST_117: StgValue_477 (232)  [1/1] 0.00ns  loc: ../maxpool_test/maxpool_layer.cpp:52
:16  br label %.preheader



============================================================
+ Verbose Summary: Timing violations
============================================================
Target clock period: 4ns, clock uncertainty: 0.5ns.

 <State 1>: 3.14ns
The critical path consists of the following:
	s_axi read on port 'oy' [31]  (1 ns)
	'mul' operation ('bound1') [56]  (2.14 ns)

 <State 2>: 2.14ns
The critical path consists of the following:
	'mul' operation ('bound1') [56]  (2.14 ns)

 <State 3>: 2.14ns
The critical path consists of the following:
	'mul' operation ('bound1') [56]  (2.14 ns)

 <State 4>: 2.14ns
The critical path consists of the following:
	'mul' operation ('bound1') [56]  (2.14 ns)

 <State 5>: 2.14ns
The critical path consists of the following:
	'mul' operation ('bound1') [56]  (2.14 ns)

 <State 6>: 2.14ns
The critical path consists of the following:
	'mul' operation ('bound1') [56]  (2.14 ns)

 <State 7>: 2.14ns
The critical path consists of the following:
	'mul' operation ('bound1') [56]  (2.14 ns)

 <State 8>: 2.62ns
The critical path consists of the following:
	'mul' operation ('bound2') [59]  (2.62 ns)

 <State 9>: 2.62ns
The critical path consists of the following:
	'mul' operation ('bound2') [59]  (2.62 ns)

 <State 10>: 2.62ns
The critical path consists of the following:
	'mul' operation ('bound2') [59]  (2.62 ns)

 <State 11>: 2.62ns
The critical path consists of the following:
	'mul' operation ('bound2') [59]  (2.62 ns)

 <State 12>: 2.62ns
The critical path consists of the following:
	'mul' operation ('bound2') [59]  (2.62 ns)

 <State 13>: 2.62ns
The critical path consists of the following:
	'mul' operation ('bound2') [59]  (2.62 ns)

 <State 14>: 2.62ns
The critical path consists of the following:
	'mul' operation ('bound2') [59]  (2.62 ns)

 <State 15>: 2.62ns
The critical path consists of the following:
	'mul' operation ('bound2') [59]  (2.62 ns)

 <State 16>: 2.62ns
The critical path consists of the following:
	'mul' operation ('bound2') [59]  (2.62 ns)

 <State 17>: 2.62ns
The critical path consists of the following:
	'mul' operation ('bound2') [59]  (2.62 ns)

 <State 18>: 2.62ns
The critical path consists of the following:
	'mul' operation ('bound2') [59]  (2.62 ns)

 <State 19>: 2.62ns
The critical path consists of the following:
	'mul' operation ('bound2') [59]  (2.62 ns)

 <State 20>: 2.62ns
The critical path consists of the following:
	'mul' operation ('bound2') [59]  (2.62 ns)

 <State 21>: 2.62ns
The critical path consists of the following:
	'mul' operation ('bound2') [59]  (2.62 ns)

 <State 22>: 2.62ns
The critical path consists of the following:
	'mul' operation ('bound2') [59]  (2.62 ns)

 <State 23>: 2.62ns
The critical path consists of the following:
	'mul' operation ('bound2') [59]  (2.62 ns)

 <State 24>: 2.62ns
The critical path consists of the following:
	'mul' operation ('bound2') [59]  (2.62 ns)

 <State 25>: 2.62ns
The critical path consists of the following:
	'mul' operation ('bound2') [59]  (2.62 ns)

 <State 26>: 2.62ns
The critical path consists of the following:
	'mul' operation ('bound2') [59]  (2.62 ns)

 <State 27>: 2.62ns
The critical path consists of the following:
	'mul' operation ('bound3') [62]  (2.62 ns)

 <State 28>: 2.62ns
The critical path consists of the following:
	'mul' operation ('bound3') [62]  (2.62 ns)

 <State 29>: 2.62ns
The critical path consists of the following:
	'mul' operation ('bound3') [62]  (2.62 ns)

 <State 30>: 2.62ns
The critical path consists of the following:
	'mul' operation ('bound3') [62]  (2.62 ns)

 <State 31>: 2.62ns
The critical path consists of the following:
	'mul' operation ('bound3') [62]  (2.62 ns)

 <State 32>: 2.62ns
The critical path consists of the following:
	'mul' operation ('bound3') [62]  (2.62 ns)

 <State 33>: 2.62ns
The critical path consists of the following:
	'mul' operation ('bound3') [62]  (2.62 ns)

 <State 34>: 2.62ns
The critical path consists of the following:
	'mul' operation ('bound3') [62]  (2.62 ns)

 <State 35>: 2.62ns
The critical path consists of the following:
	'mul' operation ('bound3') [62]  (2.62 ns)

 <State 36>: 2.62ns
The critical path consists of the following:
	'mul' operation ('bound3') [62]  (2.62 ns)

 <State 37>: 2.62ns
The critical path consists of the following:
	'mul' operation ('bound3') [62]  (2.62 ns)

 <State 38>: 2.62ns
The critical path consists of the following:
	'mul' operation ('bound3') [62]  (2.62 ns)

 <State 39>: 2.62ns
The critical path consists of the following:
	'mul' operation ('bound3') [62]  (2.62 ns)

 <State 40>: 2.62ns
The critical path consists of the following:
	'mul' operation ('bound3') [62]  (2.62 ns)

 <State 41>: 2.62ns
The critical path consists of the following:
	'mul' operation ('bound3') [62]  (2.62 ns)

 <State 42>: 2.62ns
The critical path consists of the following:
	'mul' operation ('bound3') [62]  (2.62 ns)

 <State 43>: 2.62ns
The critical path consists of the following:
	'mul' operation ('bound3') [62]  (2.62 ns)

 <State 44>: 3.25ns
The critical path consists of the following:
	'icmp' operation ('p_mid', ../maxpool_test/maxpool_layer.cpp:49) [63]  (3.25 ns)

 <State 45>: 3.72ns
The critical path consists of the following:
	'icmp' operation ('exitcond_flatten45_m') [66]  (3.72 ns)

 <State 46>: 4.66ns
The critical path consists of the following:
	'phi' operation ('indvar_flatten1') with incoming values : ('indvar_flatten_next3') [69]  (0 ns)
	'icmp' operation ('exitcond_flatten3') [94]  (4.66 ns)

 <State 47>: 3.2ns
The critical path consists of the following:
	'add' operation ('indvar_flatten_next3') [95]  (3.2 ns)

 <State 48>: 3.2ns
The critical path consists of the following:
	'add' operation ('indvar_flatten_next3') [95]  (3.2 ns)

 <State 49>: 2.14ns
The critical path consists of the following:
	'mul' operation ('tmp_4', ../maxpool_test/maxpool_layer.cpp:73) [84]  (2.14 ns)

 <State 50>: 2.14ns
The critical path consists of the following:
	'mul' operation ('tmp_4', ../maxpool_test/maxpool_layer.cpp:73) [84]  (2.14 ns)

 <State 51>: 2.14ns
The critical path consists of the following:
	'mul' operation ('tmp_4', ../maxpool_test/maxpool_layer.cpp:73) [84]  (2.14 ns)

 <State 52>: 2.14ns
The critical path consists of the following:
	'mul' operation ('tmp_4', ../maxpool_test/maxpool_layer.cpp:73) [84]  (2.14 ns)

 <State 53>: 2.89ns
The critical path consists of the following:
	'phi' operation ('i_d', ../maxpool_test/maxpool_layer.cpp:49) with incoming values : ('i_d_mid2', ../maxpool_test/maxpool_layer.cpp:49) [72]  (0 ns)
	'add' operation ('tmp9', ../maxpool_test/maxpool_layer.cpp:73) [87]  (2.89 ns)

 <State 54>: 2.14ns
The critical path consists of the following:
	'mul' operation ('tmp_3', ../maxpool_test/maxpool_layer.cpp:68) [83]  (2.14 ns)

 <State 55>: 2.14ns
The critical path consists of the following:
	'phi' operation ('o_y', ../maxpool_test/maxpool_layer.cpp:52) with incoming values : ('o_y_mid2', ../maxpool_test/maxpool_layer.cpp:52) [77]  (0 ns)
	'mul' operation ('i_y', ../maxpool_test/maxpool_layer.cpp:62) [90]  (2.14 ns)

 <State 56>: 2.14ns
The critical path consists of the following:
	'mul' operation ('tmp_3', ../maxpool_test/maxpool_layer.cpp:68) [83]  (2.14 ns)

 <State 57>: 2.14ns
The critical path consists of the following:
	'mul' operation ('tmp_3', ../maxpool_test/maxpool_layer.cpp:68) [83]  (2.14 ns)

 <State 58>: 2.14ns
The critical path consists of the following:
	'mul' operation ('tmp_3', ../maxpool_test/maxpool_layer.cpp:68) [83]  (2.14 ns)

 <State 59>: 2.14ns
The critical path consists of the following:
	'mul' operation ('tmp_3', ../maxpool_test/maxpool_layer.cpp:68) [83]  (2.14 ns)

 <State 60>: 2.14ns
The critical path consists of the following:
	'mul' operation ('tmp_3', ../maxpool_test/maxpool_layer.cpp:68) [83]  (2.14 ns)

 <State 61>: 4.24ns
The critical path consists of the following:
	'phi' operation ('indvar_flatten2') with incoming values : ('indvar_flatten_next2') [71]  (0 ns)
	'icmp' operation ('exitcond_flatten1') [100]  (4.24 ns)

 <State 62>: 2.14ns
The critical path consists of the following:
	'mul' operation ('tmp_4_mid1', ../maxpool_test/maxpool_layer.cpp:73) [106]  (2.14 ns)

 <State 63>: 3.25ns
The critical path consists of the following:
	'icmp' operation ('tmp_8', ../maxpool_test/maxpool_layer.cpp:49) [111]  (3.25 ns)

 <State 64>: 2.89ns
The critical path consists of the following:
	'select' operation ('smax', ../maxpool_test/maxpool_layer.cpp:49) [112]  (0 ns)
	'add' operation ('tmp_9', ../maxpool_test/maxpool_layer.cpp:49) [113]  (2.89 ns)

 <State 65>: 2.89ns
The critical path consists of the following:
	'add' operation ('indvars_iv_next', ../maxpool_test/maxpool_layer.cpp:49) [143]  (2.89 ns)

 <State 66>: 3.25ns
The critical path consists of the following:
	'icmp' operation ('p_mid3', ../maxpool_test/maxpool_layer.cpp:49) [150]  (3.25 ns)

 <State 67>: 2.89ns
The critical path consists of the following:
	'select' operation ('smax16_mid1', ../maxpool_test/maxpool_layer.cpp:49) [151]  (0 ns)
	'add' operation ('p_mid4', ../maxpool_test/maxpool_layer.cpp:49) [152]  (2.89 ns)

 <State 68>: 2.85ns
The critical path consists of the following:
	'add' operation ('o_d', ../maxpool_test/maxpool_layer.cpp:46) [120]  (2.85 ns)

 <State 69>: 2.89ns
The critical path consists of the following:
	'select' operation ('tmp_3_mid2', ../maxpool_test/maxpool_layer.cpp:68) [105]  (0 ns)
	'add' operation ('tmp4_mid1', ../maxpool_test/maxpool_layer.cpp:68) [130]  (2.89 ns)

 <State 70>: 2.14ns
The critical path consists of the following:
	'mul' operation ('tmp7_mid', ../maxpool_test/maxpool_layer.cpp:73) [109]  (2.14 ns)

 <State 71>: 2.14ns
The critical path consists of the following:
	'mul' operation ('tmp7_mid', ../maxpool_test/maxpool_layer.cpp:73) [109]  (2.14 ns)

 <State 72>: 2.14ns
The critical path consists of the following:
	'mul' operation ('tmp7_mid', ../maxpool_test/maxpool_layer.cpp:73) [109]  (2.14 ns)

 <State 73>: 2.14ns
The critical path consists of the following:
	'mul' operation ('tmp7_mid', ../maxpool_test/maxpool_layer.cpp:73) [109]  (2.14 ns)

 <State 74>: 2.14ns
The critical path consists of the following:
	'mul' operation ('tmp7_mid', ../maxpool_test/maxpool_layer.cpp:73) [109]  (2.14 ns)

 <State 75>: 2.14ns
The critical path consists of the following:
	'mul' operation ('tmp7_mid', ../maxpool_test/maxpool_layer.cpp:73) [109]  (2.14 ns)

 <State 76>: 2.85ns
The critical path consists of the following:
	'add' operation ('o_y_1', ../maxpool_test/maxpool_layer.cpp:49) [142]  (2.85 ns)

 <State 77>: 3.25ns
The critical path consists of the following:
	'icmp' operation ('tmp_12', ../maxpool_test/maxpool_layer.cpp:52) [165]  (3.25 ns)

 <State 78>: 2.89ns
The critical path consists of the following:
	'select' operation ('smax1', ../maxpool_test/maxpool_layer.cpp:52) [166]  (0 ns)
	'add' operation ('tmp_16', ../maxpool_test/maxpool_layer.cpp:52) [167]  (2.89 ns)

 <State 79>: 2.14ns
The critical path consists of the following:
	'mul' operation ('i_y_mid1', ../maxpool_test/maxpool_layer.cpp:62) [154]  (2.14 ns)

 <State 80>: 2.14ns
The critical path consists of the following:
	'mul' operation ('i_y_mid1', ../maxpool_test/maxpool_layer.cpp:62) [154]  (2.14 ns)

 <State 81>: 2.14ns
The critical path consists of the following:
	'mul' operation ('i_y_mid1', ../maxpool_test/maxpool_layer.cpp:62) [154]  (2.14 ns)

 <State 82>: 2.14ns
The critical path consists of the following:
	'mul' operation ('i_y_mid1', ../maxpool_test/maxpool_layer.cpp:62) [154]  (2.14 ns)

 <State 83>: 2.14ns
The critical path consists of the following:
	'mul' operation ('i_y_mid1', ../maxpool_test/maxpool_layer.cpp:62) [154]  (2.14 ns)

 <State 84>: 2.14ns
The critical path consists of the following:
	'mul' operation ('tmp1_mid2', ../maxpool_test/maxpool_layer.cpp:52) [158]  (2.14 ns)

 <State 85>: 2.89ns
The critical path consists of the following:
	'add' operation ('tmp_7', ../maxpool_test/maxpool_layer.cpp:65) [169]  (2.89 ns)

 <State 86>: 5.79ns
The critical path consists of the following:
	'icmp' operation ('exitcond_flatten', ../maxpool_test/maxpool_layer.cpp:49) [179]  (3.72 ns)
	blocking operation 2.07 ns on control path)

 <State 87>: 2.9ns
The critical path consists of the following:
	'add' operation ('indvar_flatten_next') [180]  (2.9 ns)

 <State 88>: 2.89ns
The critical path consists of the following:
	'add' operation ('tmp6_mid2_v', ../maxpool_test/maxpool_layer.cpp:65) [187]  (2.89 ns)

 <State 89>: 2.14ns
The critical path consists of the following:
	'mul' operation ('tmp6_mid2', ../maxpool_test/maxpool_layer.cpp:65) [188]  (2.14 ns)

 <State 90>: 2.14ns
The critical path consists of the following:
	'mul' operation ('tmp6_mid2', ../maxpool_test/maxpool_layer.cpp:65) [188]  (2.14 ns)

 <State 91>: 2.14ns
The critical path consists of the following:
	'mul' operation ('tmp6_mid2', ../maxpool_test/maxpool_layer.cpp:65) [188]  (2.14 ns)

 <State 92>: 2.14ns
The critical path consists of the following:
	'mul' operation ('tmp6_mid2', ../maxpool_test/maxpool_layer.cpp:65) [188]  (2.14 ns)

 <State 93>: 2.14ns
The critical path consists of the following:
	'mul' operation ('tmp6_mid2', ../maxpool_test/maxpool_layer.cpp:65) [188]  (2.14 ns)

 <State 94>: 2.14ns
The critical path consists of the following:
	'mul' operation ('tmp6_mid2', ../maxpool_test/maxpool_layer.cpp:65) [188]  (2.14 ns)

 <State 95>: 2.14ns
The critical path consists of the following:
	'mul' operation ('tmp6_mid2', ../maxpool_test/maxpool_layer.cpp:65) [188]  (2.14 ns)

 <State 96>: 2.89ns
The critical path consists of the following:
	'add' operation ('tmp_14', ../maxpool_test/maxpool_layer.cpp:68) [192]  (2.89 ns)

 <State 97>: 3.5ns
The critical path consists of the following:
	'getelementptr' operation ('mem_addr_1', ../maxpool_test/maxpool_layer.cpp:68) [193]  (0 ns)
	bus request on port 'mem' (../maxpool_test/maxpool_layer.cpp:68) [194]  (3.5 ns)

 <State 98>: 3.5ns
The critical path consists of the following:
	bus request on port 'mem' (../maxpool_test/maxpool_layer.cpp:68) [194]  (3.5 ns)

 <State 99>: 3.5ns
The critical path consists of the following:
	bus request on port 'mem' (../maxpool_test/maxpool_layer.cpp:68) [194]  (3.5 ns)

 <State 100>: 3.5ns
The critical path consists of the following:
	bus request on port 'mem' (../maxpool_test/maxpool_layer.cpp:68) [194]  (3.5 ns)

 <State 101>: 3.5ns
The critical path consists of the following:
	bus request on port 'mem' (../maxpool_test/maxpool_layer.cpp:68) [194]  (3.5 ns)

 <State 102>: 3.5ns
The critical path consists of the following:
	bus request on port 'mem' (../maxpool_test/maxpool_layer.cpp:68) [194]  (3.5 ns)

 <State 103>: 3.5ns
The critical path consists of the following:
	bus request on port 'mem' (../maxpool_test/maxpool_layer.cpp:68) [194]  (3.5 ns)

 <State 104>: 3.5ns
The critical path consists of the following:
	bus read on port 'mem' (../maxpool_test/maxpool_layer.cpp:68) [195]  (3.5 ns)

 <State 105>: 2.64ns
The critical path consists of the following:
	'fcmp' operation ('tmp_22', C:/Xilinx/Vivado_HLS/2017.2/win64/tools/clang/bin\..\lib\clang\3.1/../../../include/c++/4.5.2\bits/stl_algobase.h:214->../maxpool_test/maxpool_layer.cpp:69) [209]  (2.64 ns)

 <State 106>: 2.64ns
The critical path consists of the following:
	'fcmp' operation ('tmp_22', C:/Xilinx/Vivado_HLS/2017.2/win64/tools/clang/bin\..\lib\clang\3.1/../../../include/c++/4.5.2\bits/stl_algobase.h:214->../maxpool_test/maxpool_layer.cpp:69) [209]  (2.64 ns)

 <State 107>: 3.19ns
The critical path consists of the following:
	'icmp' operation ('notrhs', ../maxpool_test/maxpool_layer.cpp:68) [203]  (3.19 ns)

 <State 108>: 6.78ns
The critical path consists of the following:
	'fcmp' operation ('tmp_22', C:/Xilinx/Vivado_HLS/2017.2/win64/tools/clang/bin\..\lib\clang\3.1/../../../include/c++/4.5.2\bits/stl_algobase.h:214->../maxpool_test/maxpool_layer.cpp:69) [209]  (2.64 ns)
	'and' operation ('tmp_23', C:/Xilinx/Vivado_HLS/2017.2/win64/tools/clang/bin\..\lib\clang\3.1/../../../include/c++/4.5.2\bits/stl_algobase.h:214->../maxpool_test/maxpool_layer.cpp:69) [210]  (2.07 ns)
	'select' operation ('output_element', ../maxpool_test/maxpool_layer.cpp:69) [211]  (2.07 ns)

 <State 109>: 3.37ns
The critical path consists of the following:
	'add' operation ('indvar_flatten95_op') [230]  (3.37 ns)

 <State 110>: 3.37ns
The critical path consists of the following:
	'add' operation ('indvar_flatten95_op') [230]  (3.37 ns)

 <State 111>: 3.5ns
The critical path consists of the following:
	'getelementptr' operation ('mem_addr', ../maxpool_test/maxpool_layer.cpp:73) [218]  (0 ns)
	bus request on port 'mem' (../maxpool_test/maxpool_layer.cpp:73) [219]  (3.5 ns)

 <State 112>: 3.5ns
The critical path consists of the following:
	bus write on port 'mem' (../maxpool_test/maxpool_layer.cpp:73) [220]  (3.5 ns)

 <State 113>: 3.5ns
The critical path consists of the following:
	bus access on port 'mem' (../maxpool_test/maxpool_layer.cpp:73) [221]  (3.5 ns)

 <State 114>: 3.5ns
The critical path consists of the following:
	bus access on port 'mem' (../maxpool_test/maxpool_layer.cpp:73) [221]  (3.5 ns)

 <State 115>: 3.5ns
The critical path consists of the following:
	bus access on port 'mem' (../maxpool_test/maxpool_layer.cpp:73) [221]  (3.5 ns)

 <State 116>: 3.5ns
The critical path consists of the following:
	bus access on port 'mem' (../maxpool_test/maxpool_layer.cpp:73) [221]  (3.5 ns)

 <State 117>: 3.5ns
The critical path consists of the following:
	bus access on port 'mem' (../maxpool_test/maxpool_layer.cpp:73) [221]  (3.5 ns)


============================================================
+ Verbose Summary: Binding
============================================================
N/A
* FSMD analyzer results:
  - Output states:
 - Input state : 
  - Chain level:
	State 1
	State 2
	State 3
	State 4
	State 5
	State 6
	State 7
	State 8
	State 9
	State 10
	State 11
	State 12
	State 13
	State 14
	State 15
	State 16
	State 17
	State 18
	State 19
	State 20
	State 21
	State 22
	State 23
	State 24
	State 25
	State 26
	State 27
	State 28
	State 29
	State 30
	State 31
	State 32
	State 33
	State 34
	State 35
	State 36
	State 37
	State 38
	State 39
	State 40
	State 41
	State 42
	State 43
	State 44
	State 45
	State 46
	State 47
	State 48
	State 49
	State 50
	State 51
	State 52
	State 53
	State 54
	State 55
	State 56
	State 57
	State 58
	State 59
	State 60
	State 61
	State 62
	State 63
	State 64
	State 65
	State 66
	State 67
	State 68
	State 69
	State 70
	State 71
	State 72
	State 73
	State 74
	State 75
	State 76
	State 77
	State 78
	State 79
	State 80
	State 81
	State 82
	State 83
	State 84
	State 85
	State 86
	State 87
	State 88
	State 89
	State 90
	State 91
	State 92
	State 93
	State 94
	State 95
	State 96
	State 97
	State 98
	State 99
	State 100
	State 101
	State 102
	State 103
	State 104
	State 105
	State 106
	State 107
	State 108
	State 109
	State 110
	State 111
	State 112
	State 113
	State 114
	State 115
	State 116
	State 117


============================================================
+ Verbose Summary: Datapath Resource usage 
============================================================
N/A
