#-----------------------------------------------------------
# Vivado v2017.2 (64-bit)
# SW Build 1909853 on Thu Jun 15 18:39:09 MDT 2017
# IP Build 1909766 on Thu Jun 15 19:58:00 MDT 2017
# Start of session at: Sat Mar 30 12:36:28 2019
# Process ID: 8524
# Current directory: C:/Users/Wilson/Desktop/classic_cnn/hls_proj/maxpool_proj/solution1/impl/ip
# Command line: vivado.exe -notrace -mode batch -source run_ippack.tcl
# Log file: C:/Users/Wilson/Desktop/classic_cnn/hls_proj/maxpool_proj/solution1/impl/ip/vivado.log
# Journal file: C:/Users/Wilson/Desktop/classic_cnn/hls_proj/maxpool_proj/solution1/impl/ip\vivado.jou
#-----------------------------------------------------------
Sourcing tcl script 'C:/Users/Wilson/AppData/Roaming/Xilinx/Vivado/Vivado_init.tcl'
source run_ippack.tcl -notrace
create_project: Time (s): cpu = 00:00:05 ; elapsed = 00:00:13 . Memory (MB): peak = 320.219 ; gain = 92.387
INFO: [IP_Flow 19-234] Refreshing IP repositories
INFO: [IP_Flow 19-1704] No user IP repositories specified
INFO: [IP_Flow 19-2313] Loaded Vivado IP repository 'C:/Xilinx/Vivado/2017.2/data/ip'.
WARNING: [IP_Flow 19-4832] The IP name 'maxpool_layer_ap_fcmp_2_no_dsp_32' you have specified is long. The Windows operating system has path length limitations. It is recommended you use shorter names to reduce the likelihood of issues.
create_ip: Time (s): cpu = 00:00:08 ; elapsed = 00:00:16 . Memory (MB): peak = 349.012 ; gain = 28.793
INFO: [IP_Flow 19-1686] Generating 'Synthesis' target for IP 'maxpool_layer_ap_fcmp_2_no_dsp_32'...
INFO: [IP_Flow 19-1686] Generating 'Simulation' target for IP 'maxpool_layer_ap_fcmp_2_no_dsp_32'...
INFO: [IP_Flow 19-234] Refreshing IP repositories
INFO: [IP_Flow 19-1704] No user IP repositories specified
INFO: [IP_Flow 19-2313] Loaded Vivado IP repository 'C:/Xilinx/Vivado/2017.2/data/ip'.
INFO: [Common 17-206] Exiting Vivado at Sat Mar 30 12:37:45 2019...
