#-----------------------------------------------------------
# Vivado v2017.2 (64-bit)
# SW Build 1909853 on Thu Jun 15 18:39:09 MDT 2017
# IP Build 1909766 on Thu Jun 15 19:58:00 MDT 2017
# Start of session at: Sat Mar 30 12:41:32 2019
# Process ID: 12392
# Current directory: C:/Users/Wilson/Desktop/classic_cnn/hls_proj/conv_proj/solution1/impl/ip
# Command line: vivado.exe -notrace -mode batch -source run_ippack.tcl
# Log file: C:/Users/Wilson/Desktop/classic_cnn/hls_proj/conv_proj/solution1/impl/ip/vivado.log
# Journal file: C:/Users/Wilson/Desktop/classic_cnn/hls_proj/conv_proj/solution1/impl/ip\vivado.jou
#-----------------------------------------------------------
Sourcing tcl script 'C:/Users/Wilson/AppData/Roaming/Xilinx/Vivado/Vivado_init.tcl'
source run_ippack.tcl -notrace
create_project: Time (s): cpu = 00:00:05 ; elapsed = 00:00:09 . Memory (MB): peak = 320.500 ; gain = 92.305
INFO: [IP_Flow 19-234] Refreshing IP repositories
INFO: [IP_Flow 19-1704] No user IP repositories specified
INFO: [IP_Flow 19-2313] Loaded Vivado IP repository 'C:/Xilinx/Vivado/2017.2/data/ip'.
WARNING: [IP_Flow 19-4832] The IP name 'conv_layer_ap_fadd_11_full_dsp_32' you have specified is long. The Windows operating system has path length limitations. It is recommended you use shorter names to reduce the likelihood of issues.
create_ip: Time (s): cpu = 00:00:08 ; elapsed = 00:00:12 . Memory (MB): peak = 349.309 ; gain = 28.809
INFO: [IP_Flow 19-1686] Generating 'Synthesis' target for IP 'conv_layer_ap_fadd_11_full_dsp_32'...
INFO: [IP_Flow 19-1686] Generating 'Simulation' target for IP 'conv_layer_ap_fadd_11_full_dsp_32'...
WARNING: [IP_Flow 19-4832] The IP name 'conv_layer_ap_fcmp_2_no_dsp_32' you have specified is long. The Windows operating system has path length limitations. It is recommended you use shorter names to reduce the likelihood of issues.
create_ip: Time (s): cpu = 00:00:04 ; elapsed = 00:00:06 . Memory (MB): peak = 360.367 ; gain = 3.043
INFO: [IP_Flow 19-1686] Generating 'Synthesis' target for IP 'conv_layer_ap_fcmp_2_no_dsp_32'...
INFO: [IP_Flow 19-1686] Generating 'Simulation' target for IP 'conv_layer_ap_fcmp_2_no_dsp_32'...
WARNING: [IP_Flow 19-4832] The IP name 'conv_layer_ap_fmul_6_max_dsp_32' you have specified is long. The Windows operating system has path length limitations. It is recommended you use shorter names to reduce the likelihood of issues.
create_ip: Time (s): cpu = 00:00:04 ; elapsed = 00:00:06 . Memory (MB): peak = 367.434 ; gain = 7.066
INFO: [IP_Flow 19-1686] Generating 'Synthesis' target for IP 'conv_layer_ap_fmul_6_max_dsp_32'...
INFO: [IP_Flow 19-1686] Generating 'Simulation' target for IP 'conv_layer_ap_fmul_6_max_dsp_32'...
INFO: [IP_Flow 19-234] Refreshing IP repositories
INFO: [IP_Flow 19-1704] No user IP repositories specified
INFO: [IP_Flow 19-2313] Loaded Vivado IP repository 'C:/Xilinx/Vivado/2017.2/data/ip'.
INFO: [Common 17-206] Exiting Vivado at Sat Mar 30 12:42:38 2019...
