
****** Vivado v2017.2 (64-bit)
  **** SW Build 1909853 on Thu Jun 15 18:39:09 MDT 2017
  **** IP Build 1909766 on Thu Jun 15 19:58:00 MDT 2017
    ** Copyright 1986-2017 Xilinx, Inc. All Rights Reserved.

Sourcing tcl script 'C:/Users/Wilson/AppData/Roaming/Xilinx/Vivado/Vivado_init.tcl'
source run_ippack.tcl -notrace
INFO: [ProjectBase 1-489] The host OS only allows 260 characters in a normal path. The project is stored in a path with more than 80 characters. If you experience issues with IP, Block Designs, or files not being found, please consider moving the project to a location with a shorter path. Alternately consider using the OS subst command to map part of the path to a drive letter.
Current project path is 'C:/Users/Wilson/Desktop/digital_soc_final/digital_soc_final/hls_proj/fc_proj/solution1/impl/ip'
create_project: Time (s): cpu = 00:00:05 ; elapsed = 00:00:08 . Memory (MB): peak = 343.070 ; gain = 115.355
INFO: [IP_Flow 19-234] Refreshing IP repositories
INFO: [IP_Flow 19-1704] No user IP repositories specified
INFO: [IP_Flow 19-2313] Loaded Vivado IP repository 'C:/Xilinx/Vivado/2017.2/data/ip'.
WARNING: [IP_Flow 19-4832] The IP name 'fc_layer_ap_fadd_11_full_dsp_32' you have specified is long. The Windows operating system has path length limitations. It is recommended you use shorter names to reduce the likelihood of issues.
create_ip: Time (s): cpu = 00:00:08 ; elapsed = 00:00:11 . Memory (MB): peak = 371.867 ; gain = 28.797
INFO: [IP_Flow 19-1686] Generating 'Synthesis' target for IP 'fc_layer_ap_fadd_11_full_dsp_32'...
INFO: [IP_Flow 19-1686] Generating 'Simulation' target for IP 'fc_layer_ap_fadd_11_full_dsp_32'...
WARNING: [IP_Flow 19-4832] The IP name 'fc_layer_ap_fcmp_2_no_dsp_32' you have specified is long. The Windows operating system has path length limitations. It is recommended you use shorter names to reduce the likelihood of issues.
create_ip: Time (s): cpu = 00:00:04 ; elapsed = 00:00:05 . Memory (MB): peak = 382.910 ; gain = 3.027
INFO: [IP_Flow 19-1686] Generating 'Synthesis' target for IP 'fc_layer_ap_fcmp_2_no_dsp_32'...
INFO: [IP_Flow 19-1686] Generating 'Simulation' target for IP 'fc_layer_ap_fcmp_2_no_dsp_32'...
WARNING: [IP_Flow 19-4832] The IP name 'fc_layer_ap_fmul_6_max_dsp_32' you have specified is long. The Windows operating system has path length limitations. It is recommended you use shorter names to reduce the likelihood of issues.
create_ip: Time (s): cpu = 00:00:04 ; elapsed = 00:00:05 . Memory (MB): peak = 389.977 ; gain = 7.066
INFO: [IP_Flow 19-1686] Generating 'Synthesis' target for IP 'fc_layer_ap_fmul_6_max_dsp_32'...
INFO: [IP_Flow 19-1686] Generating 'Simulation' target for IP 'fc_layer_ap_fmul_6_max_dsp_32'...
INFO: [IP_Flow 19-234] Refreshing IP repositories
INFO: [IP_Flow 19-1704] No user IP repositories specified
INFO: [IP_Flow 19-2313] Loaded Vivado IP repository 'C:/Xilinx/Vivado/2017.2/data/ip'.
INFO: [Common 17-206] Exiting Vivado at Sat Mar 30 16:24:21 2019...
